[debug] [2022-03-18T18:59:22.792Z] ----------------------------------------------------------------------
[debug] [2022-03-18T18:59:22.794Z] Command:       C:\Program Files\nodejs\node.exe C:\Users\Miska\AppData\Roaming\npm\node_modules\firebase-tools\lib\bin\firebase.js emulators:start
[debug] [2022-03-18T18:59:22.794Z] CLI Version:   10.4.0
[debug] [2022-03-18T18:59:22.794Z] Platform:      win32
[debug] [2022-03-18T18:59:22.795Z] Node Version:  v16.14.0
[debug] [2022-03-18T18:59:22.795Z] Time:          Fri Mar 18 2022 20:59:22 GMT+0200 (Itä-Euroopan normaaliaika)
[debug] [2022-03-18T18:59:22.796Z] ----------------------------------------------------------------------
[debug] 
[debug] [2022-03-18T18:59:22.854Z] > command requires scopes: ["email","openid","https://www.googleapis.com/auth/cloudplatformprojects.readonly","https://www.googleapis.com/auth/firebase","https://www.googleapis.com/auth/cloud-platform"]
[debug] [2022-03-18T18:59:22.854Z] > authorizing via signed-in user (puppywilltell@gmail.com)
[info] i  emulators: Starting emulators: functions, hosting {"metadata":{"emulator":{"name":"hub"},"message":"Starting emulators: functions, hosting"}}
[debug] [2022-03-18T18:59:22.879Z] [hub] writing locator at C:\Users\Miska\AppData\Local\Temp\hub-webclone-b9eb0.json
[warn] !  functions: The following emulators are not running, calls to these services from the Functions emulator will affect production: auth, firestore, database, pubsub, storage {"metadata":{"emulator":{"name":"functions"},"message":"The following emulators are not running, calls to these services from the Functions emulator will affect production: \u001b[1mauth, firestore, database, pubsub, storage\u001b[22m"}}
[info] +  functions: Using node@16 from host. {"metadata":{"emulator":{"name":"functions"},"message":"Using node@16 from host."}}
[debug] [2022-03-18T18:59:22.898Z] defaultcredentials: writing to file C:\Users\Miska\AppData\Roaming\firebase\puppywilltell_gmail_com_application_default_credentials.json
[debug] [2022-03-18T18:59:22.899Z] Setting GAC to C:\Users\Miska\AppData\Roaming\firebase\puppywilltell_gmail_com_application_default_credentials.json {"metadata":{"emulator":{"name":"functions"},"message":"Setting GAC to C:\\Users\\Miska\\AppData\\Roaming\\firebase\\puppywilltell_gmail_com_application_default_credentials.json"}}
[debug] [2022-03-18T18:59:22.901Z] > refreshing access token with scopes: []
[debug] [2022-03-18T18:59:22.901Z] >>> HTTP REQUEST POST https://www.googleapis.com/oauth2/v3/token  
 <request body omitted>
[debug] [2022-03-18T18:59:23.002Z] <<< HTTP RESPONSE 200 {"expires":"Mon, 01 Jan 1990 00:00:00 GMT","date":"Fri, 18 Mar 2022 18:59:23 GMT","pragma":"no-cache","cache-control":"no-cache, no-store, max-age=0, must-revalidate","content-type":"application/json; charset=utf-8","vary":"X-Origin, Referer, Origin,Accept-Encoding","server":"scaffolding on HTTPServer2","x-xss-protection":"0","x-frame-options":"SAMEORIGIN","x-content-type-options":"nosniff","alt-svc":"h3=\":443\"; ma=2592000,h3-29=\":443\"; ma=2592000,h3-Q050=\":443\"; ma=2592000,h3-Q046=\":443\"; ma=2592000,h3-Q043=\":443\"; ma=2592000,quic=\":443\"; ma=2592000; v=\"46,43\"","accept-ranges":"none","transfer-encoding":"chunked"}
[debug] [2022-03-18T18:59:23.013Z] >>> [apiv2][query] GET https://firebase.googleapis.com/v1beta1/projects/webclone-b9eb0/adminSdkConfig [none]
[debug] [2022-03-18T18:59:23.338Z] <<< [apiv2][status] GET https://firebase.googleapis.com/v1beta1/projects/webclone-b9eb0/adminSdkConfig 200
[debug] [2022-03-18T18:59:23.339Z] <<< [apiv2][body] GET https://firebase.googleapis.com/v1beta1/projects/webclone-b9eb0/adminSdkConfig {"projectId":"webclone-b9eb0","storageBucket":"webclone-b9eb0.appspot.com"}
[debug] [2022-03-18T18:59:23.349Z] >>> [apiv2][query] GET https://firebasehosting.googleapis.com/v1beta1/projects/webclone-b9eb0/sites 
[debug] [2022-03-18T18:59:24.549Z] <<< [apiv2][status] GET https://firebasehosting.googleapis.com/v1beta1/projects/webclone-b9eb0/sites 200
[debug] [2022-03-18T18:59:24.550Z] <<< [apiv2][body] GET https://firebasehosting.googleapis.com/v1beta1/projects/webclone-b9eb0/sites {"sites":[{"name":"projects/315264452584/sites/webclone-b9eb0","defaultUrl":"https://webclone-b9eb0.web.app","appId":"1:315264452584:web:c8a47733400b2b8783c65d","type":"DEFAULT_SITE"}]}
[debug] [2022-03-18T18:59:24.550Z] >>> [apiv2][query] GET https://firebase.googleapis.com/v1beta1/projects/webclone-b9eb0/webApps/1:315264452584:web:c8a47733400b2b8783c65d/config [none]
[debug] [2022-03-18T18:59:25.604Z] <<< [apiv2][status] GET https://firebase.googleapis.com/v1beta1/projects/webclone-b9eb0/webApps/1:315264452584:web:c8a47733400b2b8783c65d/config 200
[debug] [2022-03-18T18:59:25.604Z] <<< [apiv2][body] GET https://firebase.googleapis.com/v1beta1/projects/webclone-b9eb0/webApps/1:315264452584:web:c8a47733400b2b8783c65d/config {"projectId":"webclone-b9eb0","appId":"1:315264452584:web:c8a47733400b2b8783c65d","storageBucket":"webclone-b9eb0.appspot.com","apiKey":"AIzaSyDQRuWGN-jv4PQ0Gnmy7LbQYRCz3CXYjUs","authDomain":"webclone-b9eb0.firebaseapp.com","messagingSenderId":"315264452584","measurementId":"G-3RRX7SHC5S"}
[info] i  hosting: Serving hosting files from: build {"metadata":{"emulator":{"name":"hosting"},"message":"Serving hosting files from: \u001b[1mbuild\u001b[22m"}}
[info] +  hosting: Local server: http://localhost:5000 {"metadata":{"emulator":{"name":"hosting"},"message":"Local server: \u001b[4m\u001b[1mhttp://localhost:5000\u001b[22m\u001b[24m"}}
[warn] !  ui: Emulator UI unable to start on port 4000, starting on 4001 instead. {"metadata":{"emulator":{"name":"ui"},"message":"Emulator UI unable to start on port 4000, starting on 4001 instead."}}
[debug] [2022-03-18T18:59:25.643Z] Ignoring unsupported arg: auto_download {"metadata":{"emulator":{"name":"ui"},"message":"Ignoring unsupported arg: auto_download"}}
[debug] [2022-03-18T18:59:25.643Z] Ignoring unsupported arg: port {"metadata":{"emulator":{"name":"ui"},"message":"Ignoring unsupported arg: port"}}
[debug] [2022-03-18T18:59:25.643Z] Starting Emulator UI with command {"binary":"node","args":["C:\\Users\\Miska\\.cache\\firebase\\emulators\\ui-v1.6.5\\server.bundle.js"],"optionalArgs":[],"joinArgs":false} {"metadata":{"emulator":{"name":"ui"},"message":"Starting Emulator UI with command {\"binary\":\"node\",\"args\":[\"C:\\\\Users\\\\Miska\\\\.cache\\\\firebase\\\\emulators\\\\ui-v1.6.5\\\\server.bundle.js\"],\"optionalArgs\":[],\"joinArgs\":false}"}}
[info] i  ui: Emulator UI logging to ui-debug.log {"metadata":{"emulator":{"name":"ui"},"message":"Emulator UI logging to \u001b[1mui-debug.log\u001b[22m"}}
[debug] [2022-03-18T18:59:25.743Z] Web / API server started at localhost:4001
 {"metadata":{"emulator":{"name":"ui"},"message":"Web / API server started at localhost:4001\n"}}
[info] i  functions: Watching "C:\Users\Miska\Desktop\Amazon-Webclone\amazon\functions" for Cloud Functions... {"metadata":{"emulator":{"name":"functions"},"message":"Watching \"C:\\Users\\Miska\\Desktop\\Amazon-Webclone\\amazon\\functions\" for Cloud Functions..."}}
[debug] [2022-03-18T18:59:25.907Z] Validating nodejs source
[debug] [2022-03-18T18:59:27.923Z] > [functions] package.json contents: {
  "name": "functions",
  "description": "Cloud Functions for Firebase",
  "scripts": {
    "lint": "eslint .",
    "serve": "firebase emulators:start --only functions",
    "shell": "firebase functions:shell",
    "start": "npm run shell",
    "deploy": "firebase deploy --only functions",
    "logs": "firebase functions:log"
  },
  "engines": {
    "node": "16"
  },
  "main": "index.js",
  "dependencies": {
    "express": "^4.17.3",
    "firebase-admin": "^10.0.2",
    "firebase-functions": "^3.18.0",
    "stripe": "^8.209.0"
  },
  "devDependencies": {
    "eslint": "^8.9.0",
    "eslint-config-google": "^0.14.0",
    "firebase-functions-test": "^0.2.0"
  },
  "private": true
}
[debug] [2022-03-18T18:59:27.923Z] Building nodejs source
[debug] [2022-03-18T18:59:27.923Z] Analyzing nodejs backend spec
[info] +  functions[us-central1-api]: http function initialized (http://localhost:5001/webclone-b9eb0/us-central1/api). {"metadata":{"emulator":{"name":"functions"},"message":"\u001b[1mhttp\u001b[22m function initialized (http://localhost:5001/webclone-b9eb0/us-central1/api)."}}
[info] 
┌─────────────────────────────────────────────────────────────┐
│ ✔  All emulators ready! It is now safe to connect your app. │
│ i  View Emulator UI at http://localhost:4001                │
└─────────────────────────────────────────────────────────────┘

┌───────────┬────────────────┬─────────────────────────────────┐
│ Emulator  │ Host:Port      │ View in Emulator UI             │
├───────────┼────────────────┼─────────────────────────────────┤
│ Functions │ localhost:5001 │ http://localhost:4001/functions │
├───────────┼────────────────┼─────────────────────────────────┤
│ Hosting   │ localhost:5000 │ n/a                             │
└───────────┴────────────────┴─────────────────────────────────┘
  Emulator Hub running at localhost:4400
  Other reserved ports: 4500

Issues? Report them at https://github.com/firebase/firebase-tools/issues and attach the *-debug.log files.
 
[debug] [2022-03-18T18:59:42.056Z] [work-queue] {"queueLength":1,"workRunningCount":0}
[debug] [2022-03-18T18:59:42.056Z] [work-queue] {"queueLength":0,"workRunningCount":1}
[debug] [2022-03-18T18:59:42.056Z] Accepted request GET /webclone-b9eb0/us-central1/api --> us-central1-api
[debug] [2022-03-18T18:59:42.062Z] [worker-pool] addWorker(us-central1-api) {"metadata":{"emulator":{"name":"functions"},"message":"[worker-pool] addWorker(us-central1-api)"}}
[debug] [2022-03-18T18:59:42.062Z] [worker-pool] Adding worker with key us-central1-api, total=1 {"metadata":{"emulator":{"name":"functions"},"message":"[worker-pool] Adding worker with key us-central1-api, total=1"}}
[debug] [2022-03-18T18:59:42.063Z] [worker-pool] submitWork(triggerId=us-central1-api) {"metadata":{"emulator":{"name":"functions"},"message":"[worker-pool] submitWork(triggerId=us-central1-api)"}}
[debug] [2022-03-18T18:59:42.063Z] [worker-us-central1-api-a68590f1-4098-4d4a-bf4a-dc11c3cb20d3]: Assigning socketPath: \\?\pipe\C:\Users\Miska\Desktop\Amazon-Webclone\amazon\functions\24220 {"metadata":{"emulator":{"name":"functions"},"message":"[worker-us-central1-api-a68590f1-4098-4d4a-bf4a-dc11c3cb20d3]: Assigning socketPath: \\\\?\\pipe\\C:\\Users\\Miska\\Desktop\\Amazon-Webclone\\amazon\\functions\\24220"}}
[debug] [2022-03-18T18:59:42.063Z] [worker-us-central1-api-a68590f1-4098-4d4a-bf4a-dc11c3cb20d3]: BUSY {"metadata":{"emulator":{"name":"functions"},"message":"[worker-us-central1-api-a68590f1-4098-4d4a-bf4a-dc11c3cb20d3]: BUSY"}}
[debug] [2022-03-18T18:59:43.215Z] [runtime-status] [24220] Functions runtime initialized. {"cwd":"C:\\Users\\Miska\\Desktop\\Amazon-Webclone\\amazon\\functions","node_version":"16.14.0"} {"metadata":{"emulator":{"name":"functions"},"function":{"name":"us-central1-api"},"extension":{},"message":"[runtime-status] [24220] Functions runtime initialized. {\"cwd\":\"C:\\\\Users\\\\Miska\\\\Desktop\\\\Amazon-Webclone\\\\amazon\\\\functions\",\"node_version\":\"16.14.0\"}"}}
[debug] [2022-03-18T18:59:43.216Z] [runtime-status] [24220] Disabled runtime features: undefined {"metadata":{"emulator":{"name":"functions"},"function":{"name":"us-central1-api"},"extension":{},"message":"[runtime-status] [24220] Disabled runtime features: undefined"}}
[debug] [2022-03-18T18:59:43.218Z] [runtime-status] [24220] Resolved module firebase-admin {"declared":true,"installed":true,"version":"10.0.2","resolution":"C:\\Users\\Miska\\Desktop\\Amazon-Webclone\\amazon\\functions\\node_modules\\firebase-admin\\lib\\index.js"} {"metadata":{"emulator":{"name":"functions"},"function":{"name":"us-central1-api"},"extension":{},"message":"[runtime-status] [24220] Resolved module firebase-admin {\"declared\":true,\"installed\":true,\"version\":\"10.0.2\",\"resolution\":\"C:\\\\Users\\\\Miska\\\\Desktop\\\\Amazon-Webclone\\\\amazon\\\\functions\\\\node_modules\\\\firebase-admin\\\\lib\\\\index.js\"}"}}
[debug] [2022-03-18T18:59:43.220Z] [runtime-status] [24220] Resolved module firebase-functions {"declared":true,"installed":true,"version":"3.19.0","resolution":"C:\\Users\\Miska\\Desktop\\Amazon-Webclone\\amazon\\functions\\node_modules\\firebase-functions\\lib\\index.js"} {"metadata":{"emulator":{"name":"functions"},"function":{"name":"us-central1-api"},"extension":{},"message":"[runtime-status] [24220] Resolved module firebase-functions {\"declared\":true,\"installed\":true,\"version\":\"3.19.0\",\"resolution\":\"C:\\\\Users\\\\Miska\\\\Desktop\\\\Amazon-Webclone\\\\amazon\\\\functions\\\\node_modules\\\\firebase-functions\\\\lib\\\\index.js\"}"}}
[debug] [2022-03-18T18:59:43.220Z] [runtime-status] [24220] Outgoing network have been stubbed. [{"name":"http","status":"mocked"},{"name":"http","status":"mocked"},{"name":"https","status":"mocked"},{"name":"https","status":"mocked"},{"name":"net","status":"mocked"}] {"metadata":{"emulator":{"name":"functions"},"function":{"name":"us-central1-api"},"extension":{},"message":"[runtime-status] [24220] Outgoing network have been stubbed. [{\"name\":\"http\",\"status\":\"mocked\"},{\"name\":\"http\",\"status\":\"mocked\"},{\"name\":\"https\",\"status\":\"mocked\"},{\"name\":\"https\",\"status\":\"mocked\"},{\"name\":\"net\",\"status\":\"mocked\"}]"}}
[debug] [2022-03-18T18:59:43.221Z] [runtime-status] [24220] Resolved module firebase-functions {"declared":true,"installed":true,"version":"3.19.0","resolution":"C:\\Users\\Miska\\Desktop\\Amazon-Webclone\\amazon\\functions\\node_modules\\firebase-functions\\lib\\index.js"} {"metadata":{"emulator":{"name":"functions"},"function":{"name":"us-central1-api"},"extension":{},"message":"[runtime-status] [24220] Resolved module firebase-functions {\"declared\":true,\"installed\":true,\"version\":\"3.19.0\",\"resolution\":\"C:\\\\Users\\\\Miska\\\\Desktop\\\\Amazon-Webclone\\\\amazon\\\\functions\\\\node_modules\\\\firebase-functions\\\\lib\\\\index.js\"}"}}
[debug] [2022-03-18T18:59:43.258Z] [runtime-status] [24220] Checked functions.config() {"config":{}} {"metadata":{"emulator":{"name":"functions"},"function":{"name":"us-central1-api"},"extension":{},"message":"[runtime-status] [24220] Checked functions.config() {\"config\":{}}"}}
[debug] [2022-03-18T18:59:43.258Z] [runtime-status] [24220] firebase-functions has been stubbed. {"functionsResolution":{"declared":true,"installed":true,"version":"3.19.0","resolution":"C:\\Users\\Miska\\Desktop\\Amazon-Webclone\\amazon\\functions\\node_modules\\firebase-functions\\lib\\index.js"}} {"metadata":{"emulator":{"name":"functions"},"function":{"name":"us-central1-api"},"extension":{},"message":"[runtime-status] [24220] firebase-functions has been stubbed. {\"functionsResolution\":{\"declared\":true,\"installed\":true,\"version\":\"3.19.0\",\"resolution\":\"C:\\\\Users\\\\Miska\\\\Desktop\\\\Amazon-Webclone\\\\amazon\\\\functions\\\\node_modules\\\\firebase-functions\\\\lib\\\\index.js\"}}"}}
[debug] [2022-03-18T18:59:43.259Z] [runtime-status] [24220] Resolved module firebase-functions {"declared":true,"installed":true,"version":"3.19.0","resolution":"C:\\Users\\Miska\\Desktop\\Amazon-Webclone\\amazon\\functions\\node_modules\\firebase-functions\\lib\\index.js"} {"metadata":{"emulator":{"name":"functions"},"function":{"name":"us-central1-api"},"extension":{},"message":"[runtime-status] [24220] Resolved module firebase-functions {\"declared\":true,\"installed\":true,\"version\":\"3.19.0\",\"resolution\":\"C:\\\\Users\\\\Miska\\\\Desktop\\\\Amazon-Webclone\\\\amazon\\\\functions\\\\node_modules\\\\firebase-functions\\\\lib\\\\index.js\"}"}}
[debug] [2022-03-18T18:59:43.260Z] [runtime-status] [24220] Resolved module firebase-admin {"declared":true,"installed":true,"version":"10.0.2","resolution":"C:\\Users\\Miska\\Desktop\\Amazon-Webclone\\amazon\\functions\\node_modules\\firebase-admin\\lib\\index.js"} {"metadata":{"emulator":{"name":"functions"},"function":{"name":"us-central1-api"},"extension":{},"message":"[runtime-status] [24220] Resolved module firebase-admin {\"declared\":true,\"installed\":true,\"version\":\"10.0.2\",\"resolution\":\"C:\\\\Users\\\\Miska\\\\Desktop\\\\Amazon-Webclone\\\\amazon\\\\functions\\\\node_modules\\\\firebase-admin\\\\lib\\\\index.js\"}"}}
[debug] [2022-03-18T18:59:43.260Z] [runtime-status] [24220] Resolved module firebase-functions {"declared":true,"installed":true,"version":"3.19.0","resolution":"C:\\Users\\Miska\\Desktop\\Amazon-Webclone\\amazon\\functions\\node_modules\\firebase-functions\\lib\\index.js"} {"metadata":{"emulator":{"name":"functions"},"function":{"name":"us-central1-api"},"extension":{},"message":"[runtime-status] [24220] Resolved module firebase-functions {\"declared\":true,\"installed\":true,\"version\":\"3.19.0\",\"resolution\":\"C:\\\\Users\\\\Miska\\\\Desktop\\\\Amazon-Webclone\\\\amazon\\\\functions\\\\node_modules\\\\firebase-functions\\\\lib\\\\index.js\"}"}}
[debug] [2022-03-18T18:59:43.260Z] [runtime-status] [24220] firebase-admin has been stubbed. {"adminResolution":{"declared":true,"installed":true,"version":"10.0.2","resolution":"C:\\Users\\Miska\\Desktop\\Amazon-Webclone\\amazon\\functions\\node_modules\\firebase-admin\\lib\\index.js"}} {"metadata":{"emulator":{"name":"functions"},"function":{"name":"us-central1-api"},"extension":{},"message":"[runtime-status] [24220] firebase-admin has been stubbed. {\"adminResolution\":{\"declared\":true,\"installed\":true,\"version\":\"10.0.2\",\"resolution\":\"C:\\\\Users\\\\Miska\\\\Desktop\\\\Amazon-Webclone\\\\amazon\\\\functions\\\\node_modules\\\\firebase-admin\\\\lib\\\\index.js\"}}"}}
[debug] [2022-03-18T18:59:43.384Z] [runtime-status] [24220] Beginning invocation function api! {"metadata":{"emulator":{"name":"functions"},"function":{"name":"us-central1-api"},"extension":{},"message":"[runtime-status] [24220] Beginning invocation function api!"}}
[info] i  functions: Beginning execution of "api" {"metadata":{"emulator":{"name":"functions"},"function":{"name":"us-central1-api"},"extension":{},"message":"Beginning execution of \"api\""}}
[debug] [2022-03-18T18:59:43.385Z] [runtime-status] [24220] Running api in signature http {"metadata":{"emulator":{"name":"functions"},"function":{"name":"us-central1-api"},"extension":{},"message":"[runtime-status] [24220] Running api in signature http"}}
[debug] [2022-03-18T18:59:43.387Z] [runtime-status] [24220] Attempting to listen to socketPath: \\?\pipe\C:\Users\Miska\Desktop\Amazon-Webclone\amazon\functions\24220 {"metadata":{"emulator":{"name":"functions"},"function":{"name":"us-central1-api"},"extension":{},"message":"[runtime-status] [24220] Attempting to listen to socketPath: \\\\?\\pipe\\C:\\Users\\Miska\\Desktop\\Amazon-Webclone\\amazon\\functions\\24220"}}
[debug] [2022-03-18T18:59:43.390Z] [functions] Runtime ready! Sending request! {"metadata":{"emulator":{"name":"functions"},"message":"[functions] Runtime ready! Sending request!"}}
[debug] [2022-03-18T18:59:43.391Z] [functions] Got req.url=/webclone-b9eb0/us-central1/api, mapping to path=/ {"metadata":{"emulator":{"name":"functions"},"message":"[functions] Got req.url=/webclone-b9eb0/us-central1/api, mapping to path=/"}}
[debug] [2022-03-18T18:59:43.395Z] [runtime-status] [24220] Ephemeral server handling GET request {"metadata":{"emulator":{"name":"functions"},"function":{"name":"us-central1-api"},"extension":{},"message":"[runtime-status] [24220] Ephemeral server handling GET request"}}
[debug] [2022-03-18T18:59:43.400Z] [runtime-status] [24220] Ephemeral server survived. {"metadata":{"emulator":{"name":"functions"},"function":{"name":"us-central1-api"},"extension":{},"message":"[runtime-status] [24220] Ephemeral server survived."}}
[debug] [2022-03-18T18:59:43.401Z] [work-queue] {"queueLength":1,"workRunningCount":1}
[debug] [2022-03-18T18:59:43.401Z] [work-queue] {"queueLength":0,"workRunningCount":2}
[debug] [2022-03-18T18:59:43.401Z] Accepted request GET /webclone-b9eb0/us-central1/api --> us-central1-api
[debug] [2022-03-18T18:59:43.406Z] [worker-pool] addWorker(us-central1-api) {"metadata":{"emulator":{"name":"functions"},"message":"[worker-pool] addWorker(us-central1-api)"}}
[debug] [2022-03-18T18:59:43.406Z] [worker-pool] Adding worker with key us-central1-api, total=2 {"metadata":{"emulator":{"name":"functions"},"message":"[worker-pool] Adding worker with key us-central1-api, total=2"}}
[debug] [2022-03-18T18:59:43.406Z] [worker-pool] submitWork(triggerId=us-central1-api) {"metadata":{"emulator":{"name":"functions"},"message":"[worker-pool] submitWork(triggerId=us-central1-api)"}}
[debug] [2022-03-18T18:59:43.406Z] [worker-us-central1-api-bb14a65c-6044-4db8-b80e-cc037cbd56c7]: Assigning socketPath: \\?\pipe\C:\Users\Miska\Desktop\Amazon-Webclone\amazon\functions\24524 {"metadata":{"emulator":{"name":"functions"},"message":"[worker-us-central1-api-bb14a65c-6044-4db8-b80e-cc037cbd56c7]: Assigning socketPath: \\\\?\\pipe\\C:\\Users\\Miska\\Desktop\\Amazon-Webclone\\amazon\\functions\\24524"}}
[debug] [2022-03-18T18:59:43.406Z] [worker-us-central1-api-bb14a65c-6044-4db8-b80e-cc037cbd56c7]: BUSY {"metadata":{"emulator":{"name":"functions"},"message":"[worker-us-central1-api-bb14a65c-6044-4db8-b80e-cc037cbd56c7]: BUSY"}}
[info] i  functions: Finished "api" in ~1s {"metadata":{"emulator":{"name":"functions"},"function":{"name":"us-central1-api"},"extension":{},"message":"Finished \"api\" in ~1s"}}
[debug] [2022-03-18T18:59:43.407Z] [worker-us-central1-api-a68590f1-4098-4d4a-bf4a-dc11c3cb20d3]: IDLE {"metadata":{"emulator":{"name":"functions"},"message":"[worker-us-central1-api-a68590f1-4098-4d4a-bf4a-dc11c3cb20d3]: IDLE"}}
[debug] [2022-03-18T18:59:43.408Z] [work-queue] {"queueLength":0,"workRunningCount":1}
[debug] [2022-03-18T18:59:43.435Z] Functions emulator received unknown request at path /favicon.ico
[debug] [2022-03-18T18:59:44.570Z] [runtime-status] [24524] Functions runtime initialized. {"cwd":"C:\\Users\\Miska\\Desktop\\Amazon-Webclone\\amazon\\functions","node_version":"16.14.0"} {"metadata":{"emulator":{"name":"functions"},"function":{"name":"us-central1-api"},"extension":{},"message":"[runtime-status] [24524] Functions runtime initialized. {\"cwd\":\"C:\\\\Users\\\\Miska\\\\Desktop\\\\Amazon-Webclone\\\\amazon\\\\functions\",\"node_version\":\"16.14.0\"}"}}
[debug] [2022-03-18T18:59:44.571Z] [runtime-status] [24524] Disabled runtime features: undefined {"metadata":{"emulator":{"name":"functions"},"function":{"name":"us-central1-api"},"extension":{},"message":"[runtime-status] [24524] Disabled runtime features: undefined"}}
[debug] [2022-03-18T18:59:44.574Z] [runtime-status] [24524] Resolved module firebase-admin {"declared":true,"installed":true,"version":"10.0.2","resolution":"C:\\Users\\Miska\\Desktop\\Amazon-Webclone\\amazon\\functions\\node_modules\\firebase-admin\\lib\\index.js"} {"metadata":{"emulator":{"name":"functions"},"function":{"name":"us-central1-api"},"extension":{},"message":"[runtime-status] [24524] Resolved module firebase-admin {\"declared\":true,\"installed\":true,\"version\":\"10.0.2\",\"resolution\":\"C:\\\\Users\\\\Miska\\\\Desktop\\\\Amazon-Webclone\\\\amazon\\\\functions\\\\node_modules\\\\firebase-admin\\\\lib\\\\index.js\"}"}}
[debug] [2022-03-18T18:59:44.575Z] [runtime-status] [24524] Resolved module firebase-functions {"declared":true,"installed":true,"version":"3.19.0","resolution":"C:\\Users\\Miska\\Desktop\\Amazon-Webclone\\amazon\\functions\\node_modules\\firebase-functions\\lib\\index.js"} {"metadata":{"emulator":{"name":"functions"},"function":{"name":"us-central1-api"},"extension":{},"message":"[runtime-status] [24524] Resolved module firebase-functions {\"declared\":true,\"installed\":true,\"version\":\"3.19.0\",\"resolution\":\"C:\\\\Users\\\\Miska\\\\Desktop\\\\Amazon-Webclone\\\\amazon\\\\functions\\\\node_modules\\\\firebase-functions\\\\lib\\\\index.js\"}"}}
[debug] [2022-03-18T18:59:44.575Z] [runtime-status] [24524] Outgoing network have been stubbed. [{"name":"http","status":"mocked"},{"name":"http","status":"mocked"},{"name":"https","status":"mocked"},{"name":"https","status":"mocked"},{"name":"net","status":"mocked"}] {"metadata":{"emulator":{"name":"functions"},"function":{"name":"us-central1-api"},"extension":{},"message":"[runtime-status] [24524] Outgoing network have been stubbed. [{\"name\":\"http\",\"status\":\"mocked\"},{\"name\":\"http\",\"status\":\"mocked\"},{\"name\":\"https\",\"status\":\"mocked\"},{\"name\":\"https\",\"status\":\"mocked\"},{\"name\":\"net\",\"status\":\"mocked\"}]"}}
[debug] [2022-03-18T18:59:44.576Z] [runtime-status] [24524] Resolved module firebase-functions {"declared":true,"installed":true,"version":"3.19.0","resolution":"C:\\Users\\Miska\\Desktop\\Amazon-Webclone\\amazon\\functions\\node_modules\\firebase-functions\\lib\\index.js"} {"metadata":{"emulator":{"name":"functions"},"function":{"name":"us-central1-api"},"extension":{},"message":"[runtime-status] [24524] Resolved module firebase-functions {\"declared\":true,\"installed\":true,\"version\":\"3.19.0\",\"resolution\":\"C:\\\\Users\\\\Miska\\\\Desktop\\\\Amazon-Webclone\\\\amazon\\\\functions\\\\node_modules\\\\firebase-functions\\\\lib\\\\index.js\"}"}}
[debug] [2022-03-18T18:59:44.614Z] [runtime-status] [24524] Checked functions.config() {"config":{}} {"metadata":{"emulator":{"name":"functions"},"function":{"name":"us-central1-api"},"extension":{},"message":"[runtime-status] [24524] Checked functions.config() {\"config\":{}}"}}
[debug] [2022-03-18T18:59:44.615Z] [runtime-status] [24524] firebase-functions has been stubbed. {"functionsResolution":{"declared":true,"installed":true,"version":"3.19.0","resolution":"C:\\Users\\Miska\\Desktop\\Amazon-Webclone\\amazon\\functions\\node_modules\\firebase-functions\\lib\\index.js"}} {"metadata":{"emulator":{"name":"functions"},"function":{"name":"us-central1-api"},"extension":{},"message":"[runtime-status] [24524] firebase-functions has been stubbed. {\"functionsResolution\":{\"declared\":true,\"installed\":true,\"version\":\"3.19.0\",\"resolution\":\"C:\\\\Users\\\\Miska\\\\Desktop\\\\Amazon-Webclone\\\\amazon\\\\functions\\\\node_modules\\\\firebase-functions\\\\lib\\\\index.js\"}}"}}
[debug] [2022-03-18T18:59:44.615Z] [runtime-status] [24524] Resolved module firebase-functions {"declared":true,"installed":true,"version":"3.19.0","resolution":"C:\\Users\\Miska\\Desktop\\Amazon-Webclone\\amazon\\functions\\node_modules\\firebase-functions\\lib\\index.js"} {"metadata":{"emulator":{"name":"functions"},"function":{"name":"us-central1-api"},"extension":{},"message":"[runtime-status] [24524] Resolved module firebase-functions {\"declared\":true,\"installed\":true,\"version\":\"3.19.0\",\"resolution\":\"C:\\\\Users\\\\Miska\\\\Desktop\\\\Amazon-Webclone\\\\amazon\\\\functions\\\\node_modules\\\\firebase-functions\\\\lib\\\\index.js\"}"}}
[debug] [2022-03-18T18:59:44.616Z] [runtime-status] [24524] Resolved module firebase-admin {"declared":true,"installed":true,"version":"10.0.2","resolution":"C:\\Users\\Miska\\Desktop\\Amazon-Webclone\\amazon\\functions\\node_modules\\firebase-admin\\lib\\index.js"} {"metadata":{"emulator":{"name":"functions"},"function":{"name":"us-central1-api"},"extension":{},"message":"[runtime-status] [24524] Resolved module firebase-admin {\"declared\":true,\"installed\":true,\"version\":\"10.0.2\",\"resolution\":\"C:\\\\Users\\\\Miska\\\\Desktop\\\\Amazon-Webclone\\\\amazon\\\\functions\\\\node_modules\\\\firebase-admin\\\\lib\\\\index.js\"}"}}
[debug] [2022-03-18T18:59:44.617Z] [runtime-status] [24524] Resolved module firebase-functions {"declared":true,"installed":true,"version":"3.19.0","resolution":"C:\\Users\\Miska\\Desktop\\Amazon-Webclone\\amazon\\functions\\node_modules\\firebase-functions\\lib\\index.js"} {"metadata":{"emulator":{"name":"functions"},"function":{"name":"us-central1-api"},"extension":{},"message":"[runtime-status] [24524] Resolved module firebase-functions {\"declared\":true,\"installed\":true,\"version\":\"3.19.0\",\"resolution\":\"C:\\\\Users\\\\Miska\\\\Desktop\\\\Amazon-Webclone\\\\amazon\\\\functions\\\\node_modules\\\\firebase-functions\\\\lib\\\\index.js\"}"}}
[debug] [2022-03-18T18:59:44.618Z] [runtime-status] [24524] firebase-admin has been stubbed. {"adminResolution":{"declared":true,"installed":true,"version":"10.0.2","resolution":"C:\\Users\\Miska\\Desktop\\Amazon-Webclone\\amazon\\functions\\node_modules\\firebase-admin\\lib\\index.js"}} {"metadata":{"emulator":{"name":"functions"},"function":{"name":"us-central1-api"},"extension":{},"message":"[runtime-status] [24524] firebase-admin has been stubbed. {\"adminResolution\":{\"declared\":true,\"installed\":true,\"version\":\"10.0.2\",\"resolution\":\"C:\\\\Users\\\\Miska\\\\Desktop\\\\Amazon-Webclone\\\\amazon\\\\functions\\\\node_modules\\\\firebase-admin\\\\lib\\\\index.js\"}}"}}
[debug] [2022-03-18T18:59:44.752Z] [runtime-status] [24524] Beginning invocation function api! {"metadata":{"emulator":{"name":"functions"},"function":{"name":"us-central1-api"},"extension":{},"message":"[runtime-status] [24524] Beginning invocation function api!"}}
[info] i  functions: Beginning execution of "api" {"metadata":{"emulator":{"name":"functions"},"function":{"name":"us-central1-api"},"extension":{},"message":"Beginning execution of \"api\""}}
[debug] [2022-03-18T18:59:44.753Z] [runtime-status] [24524] Running api in signature http {"metadata":{"emulator":{"name":"functions"},"function":{"name":"us-central1-api"},"extension":{},"message":"[runtime-status] [24524] Running api in signature http"}}
[debug] [2022-03-18T18:59:44.756Z] [runtime-status] [24524] Attempting to listen to socketPath: \\?\pipe\C:\Users\Miska\Desktop\Amazon-Webclone\amazon\functions\24524 {"metadata":{"emulator":{"name":"functions"},"function":{"name":"us-central1-api"},"extension":{},"message":"[runtime-status] [24524] Attempting to listen to socketPath: \\\\?\\pipe\\C:\\Users\\Miska\\Desktop\\Amazon-Webclone\\amazon\\functions\\24524"}}
[debug] [2022-03-18T18:59:44.758Z] [functions] Runtime ready! Sending request! {"metadata":{"emulator":{"name":"functions"},"message":"[functions] Runtime ready! Sending request!"}}
[debug] [2022-03-18T18:59:44.759Z] [functions] Got req.url=/webclone-b9eb0/us-central1/api, mapping to path=/ {"metadata":{"emulator":{"name":"functions"},"message":"[functions] Got req.url=/webclone-b9eb0/us-central1/api, mapping to path=/"}}
[debug] [2022-03-18T18:59:44.764Z] [runtime-status] [24524] Ephemeral server handling GET request {"metadata":{"emulator":{"name":"functions"},"function":{"name":"us-central1-api"},"extension":{},"message":"[runtime-status] [24524] Ephemeral server handling GET request"}}
[debug] [2022-03-18T18:59:44.769Z] [runtime-status] [24524] Ephemeral server survived. {"metadata":{"emulator":{"name":"functions"},"function":{"name":"us-central1-api"},"extension":{},"message":"[runtime-status] [24524] Ephemeral server survived."}}
[info] i  functions: Finished "api" in ~1s {"metadata":{"emulator":{"name":"functions"},"function":{"name":"us-central1-api"},"extension":{},"message":"Finished \"api\" in ~1s"}}
[debug] [2022-03-18T18:59:44.778Z] [worker-us-central1-api-bb14a65c-6044-4db8-b80e-cc037cbd56c7]: IDLE {"metadata":{"emulator":{"name":"functions"},"message":"[worker-us-central1-api-bb14a65c-6044-4db8-b80e-cc037cbd56c7]: IDLE"}}
[debug] [2022-03-18T18:59:44.778Z] [work-queue] {"queueLength":0,"workRunningCount":0}
[debug] [2022-03-18T18:59:46.795Z] [work-queue] {"queueLength":1,"workRunningCount":0}
[debug] [2022-03-18T18:59:46.796Z] [work-queue] {"queueLength":0,"workRunningCount":1}
[debug] [2022-03-18T18:59:46.796Z] Accepted request POST /webclone-b9eb0/us-central1/api/payments/create?total=0 --> us-central1-api
[debug] [2022-03-18T18:59:46.796Z] [worker-pool] submitWork(triggerId=us-central1-api) {"metadata":{"emulator":{"name":"functions"},"message":"[worker-pool] submitWork(triggerId=us-central1-api)"}}
[debug] [2022-03-18T18:59:46.796Z] [worker-us-central1-api-a68590f1-4098-4d4a-bf4a-dc11c3cb20d3]: Assigning socketPath: \\?\pipe\C:\Users\Miska\Desktop\Amazon-Webclone\amazon\functions\24220 {"metadata":{"emulator":{"name":"functions"},"message":"[worker-us-central1-api-a68590f1-4098-4d4a-bf4a-dc11c3cb20d3]: Assigning socketPath: \\\\?\\pipe\\C:\\Users\\Miska\\Desktop\\Amazon-Webclone\\amazon\\functions\\24220"}}
[debug] [2022-03-18T18:59:46.796Z] [worker-us-central1-api-a68590f1-4098-4d4a-bf4a-dc11c3cb20d3]: BUSY {"metadata":{"emulator":{"name":"functions"},"message":"[worker-us-central1-api-a68590f1-4098-4d4a-bf4a-dc11c3cb20d3]: BUSY"}}
[debug] [2022-03-18T18:59:46.796Z] [runtime-status] [24220] Beginning invocation function api! {"metadata":{"emulator":{"name":"functions"},"function":{"name":"us-central1-api"},"extension":{},"message":"[runtime-status] [24220] Beginning invocation function api!"}}
[info] i  functions: Beginning execution of "api" {"metadata":{"emulator":{"name":"functions"},"function":{"name":"us-central1-api"},"extension":{},"message":"Beginning execution of \"api\""}}
[debug] [2022-03-18T18:59:46.797Z] [runtime-status] [24220] Running api in signature http {"metadata":{"emulator":{"name":"functions"},"function":{"name":"us-central1-api"},"extension":{},"message":"[runtime-status] [24220] Running api in signature http"}}
[debug] [2022-03-18T18:59:46.797Z] [runtime-status] [24220] Attempting to listen to socketPath: \\?\pipe\C:\Users\Miska\Desktop\Amazon-Webclone\amazon\functions\24220 {"metadata":{"emulator":{"name":"functions"},"function":{"name":"us-central1-api"},"extension":{},"message":"[runtime-status] [24220] Attempting to listen to socketPath: \\\\?\\pipe\\C:\\Users\\Miska\\Desktop\\Amazon-Webclone\\amazon\\functions\\24220"}}
[debug] [2022-03-18T18:59:46.799Z] [functions] Runtime ready! Sending request! {"metadata":{"emulator":{"name":"functions"},"message":"[functions] Runtime ready! Sending request!"}}
[debug] [2022-03-18T18:59:46.799Z] [functions] Got req.url=/webclone-b9eb0/us-central1/api/payments/create?total=0, mapping to path=/payments/create?total=0 {"metadata":{"emulator":{"name":"functions"},"message":"[functions] Got req.url=/webclone-b9eb0/us-central1/api/payments/create?total=0, mapping to path=/payments/create?total=0"}}
[debug] [2022-03-18T18:59:46.803Z] [runtime-status] [24220] Ephemeral server handling POST request {"metadata":{"emulator":{"name":"functions"},"function":{"name":"us-central1-api"},"extension":{},"message":"[runtime-status] [24220] Ephemeral server handling POST request"}}
[info] >  Payment Request Recieved ! for this amount >>>  0 {"user":"Payment Request Recieved ! for this amount >>>  0","metadata":{"emulator":{"name":"functions"},"function":{"name":"us-central1-api"},"extension":{},"message":"\u001b[90m> \u001b[39m Payment Request Recieved ! for this amount >>>  0"}}
[debug] [2022-03-18T18:59:46.811Z] [runtime-status] [24220] Ephemeral server survived. {"metadata":{"emulator":{"name":"functions"},"function":{"name":"us-central1-api"},"extension":{},"message":"[runtime-status] [24220] Ephemeral server survived."}}
[info] >  C:\Users\Miska\Desktop\Amazon-Webclone\amazon\functions\node_modules\stripe\lib\Error.js:40 {"user":"C:\\Users\\Miska\\Desktop\\Amazon-Webclone\\amazon\\functions\\node_modules\\stripe\\lib\\Error.js:40\r","metadata":{"emulator":{"name":"functions"},"function":{"name":"us-central1-api"},"extension":{},"message":"\u001b[90m> \u001b[39m C:\\Users\\Miska\\Desktop\\Amazon-Webclone\\amazon\\functions\\node_modules\\stripe\\lib\\Error.js:40\r"}}
[info] >          return new StripeInvalidRequestError(rawStripeError); {"user":"        return new StripeInvalidRequestError(rawStripeError);\r","metadata":{"emulator":{"name":"functions"},"function":{"name":"us-central1-api"},"extension":{},"message":"\u001b[90m> \u001b[39m         return new StripeInvalidRequestError(rawStripeError);\r"}}
[info] >                 ^ {"user":"               ^\r","metadata":{"emulator":{"name":"functions"},"function":{"name":"us-central1-api"},"extension":{},"message":"\u001b[90m> \u001b[39m                ^\r"}}
[info] >   {"user":"\r","metadata":{"emulator":{"name":"functions"},"function":{"name":"us-central1-api"},"extension":{},"message":"\u001b[90m> \u001b[39m \r"}}
[info] >  StripeInvalidRequestError: This value must be greater than or equal to 1. {"user":"StripeInvalidRequestError: This value must be greater than or equal to 1.\r","metadata":{"emulator":{"name":"functions"},"function":{"name":"us-central1-api"},"extension":{},"message":"\u001b[90m> \u001b[39m StripeInvalidRequestError: This value must be greater than or equal to 1.\r"}}
[info] >      at Function.generate (C:\Users\Miska\Desktop\Amazon-Webclone\amazon\functions\node_modules\stripe\lib\Error.js:40:16) {"user":"    at Function.generate (C:\\Users\\Miska\\Desktop\\Amazon-Webclone\\amazon\\functions\\node_modules\\stripe\\lib\\Error.js:40:16)\r","metadata":{"emulator":{"name":"functions"},"function":{"name":"us-central1-api"},"extension":{},"message":"\u001b[90m> \u001b[39m     at Function.generate (C:\\Users\\Miska\\Desktop\\Amazon-Webclone\\amazon\\functions\\node_modules\\stripe\\lib\\Error.js:40:16)\r"}}
[info] >      at res.toJSON.then.StripeAPIError.message (C:\Users\Miska\Desktop\Amazon-Webclone\amazon\functions\node_modules\stripe\lib\StripeResource.js:220:35) {"user":"    at res.toJSON.then.StripeAPIError.message (C:\\Users\\Miska\\Desktop\\Amazon-Webclone\\amazon\\functions\\node_modules\\stripe\\lib\\StripeResource.js:220:35)\r","metadata":{"emulator":{"name":"functions"},"function":{"name":"us-central1-api"},"extension":{},"message":"\u001b[90m> \u001b[39m     at res.toJSON.then.StripeAPIError.message (C:\\Users\\Miska\\Desktop\\Amazon-Webclone\\amazon\\functions\\node_modules\\stripe\\lib\\StripeResource.js:220:35)\r"}}
[info] >      at processTicksAndRejections (node:internal/process/task_queues:96:5) { {"user":"    at processTicksAndRejections (node:internal/process/task_queues:96:5) {\r","metadata":{"emulator":{"name":"functions"},"function":{"name":"us-central1-api"},"extension":{},"message":"\u001b[90m> \u001b[39m     at processTicksAndRejections (node:internal/process/task_queues:96:5) {\r"}}
[info] >    type: 'StripeInvalidRequestError', {"user":"  type: 'StripeInvalidRequestError',\r","metadata":{"emulator":{"name":"functions"},"function":{"name":"us-central1-api"},"extension":{},"message":"\u001b[90m> \u001b[39m   type: 'StripeInvalidRequestError',\r"}}
[info] >    raw: { {"user":"  raw: {\r","metadata":{"emulator":{"name":"functions"},"function":{"name":"us-central1-api"},"extension":{},"message":"\u001b[90m> \u001b[39m   raw: {\r"}}
[info] >      code: 'parameter_invalid_integer', {"user":"    code: 'parameter_invalid_integer',\r","metadata":{"emulator":{"name":"functions"},"function":{"name":"us-central1-api"},"extension":{},"message":"\u001b[90m> \u001b[39m     code: 'parameter_invalid_integer',\r"}}
[info] >      doc_url: 'https://stripe.com/docs/error-codes/parameter-invalid-integer', {"user":"    doc_url: 'https://stripe.com/docs/error-codes/parameter-invalid-integer',\r","metadata":{"emulator":{"name":"functions"},"function":{"name":"us-central1-api"},"extension":{},"message":"\u001b[90m> \u001b[39m     doc_url: 'https://stripe.com/docs/error-codes/parameter-invalid-integer',\r"}}
[info] >      message: 'This value must be greater than or equal to 1.', {"user":"    message: 'This value must be greater than or equal to 1.',\r","metadata":{"emulator":{"name":"functions"},"function":{"name":"us-central1-api"},"extension":{},"message":"\u001b[90m> \u001b[39m     message: 'This value must be greater than or equal to 1.',\r"}}
[info] >      param: 'amount', {"user":"    param: 'amount',\r","metadata":{"emulator":{"name":"functions"},"function":{"name":"us-central1-api"},"extension":{},"message":"\u001b[90m> \u001b[39m     param: 'amount',\r"}}
[info] >      type: 'invalid_request_error', {"user":"    type: 'invalid_request_error',\r","metadata":{"emulator":{"name":"functions"},"function":{"name":"us-central1-api"},"extension":{},"message":"\u001b[90m> \u001b[39m     type: 'invalid_request_error',\r"}}
[info] >      headers: { {"user":"    headers: {\r","metadata":{"emulator":{"name":"functions"},"function":{"name":"us-central1-api"},"extension":{},"message":"\u001b[90m> \u001b[39m     headers: {\r"}}
[info] >        server: 'nginx', {"user":"      server: 'nginx',\r","metadata":{"emulator":{"name":"functions"},"function":{"name":"us-central1-api"},"extension":{},"message":"\u001b[90m> \u001b[39m       server: 'nginx',\r"}}
[info] >        date: 'Fri, 18 Mar 2022 18:59:47 GMT', {"user":"      date: 'Fri, 18 Mar 2022 18:59:47 GMT',\r","metadata":{"emulator":{"name":"functions"},"function":{"name":"us-central1-api"},"extension":{},"message":"\u001b[90m> \u001b[39m       date: 'Fri, 18 Mar 2022 18:59:47 GMT',\r"}}
[info] >        'content-type': 'application/json', {"user":"      'content-type': 'application/json',\r","metadata":{"emulator":{"name":"functions"},"function":{"name":"us-central1-api"},"extension":{},"message":"\u001b[90m> \u001b[39m       'content-type': 'application/json',\r"}}
[info] >        'content-length': '266', {"user":"      'content-length': '266',\r","metadata":{"emulator":{"name":"functions"},"function":{"name":"us-central1-api"},"extension":{},"message":"\u001b[90m> \u001b[39m       'content-length': '266',\r"}}
[info] >        connection: 'keep-alive', {"user":"      connection: 'keep-alive',\r","metadata":{"emulator":{"name":"functions"},"function":{"name":"us-central1-api"},"extension":{},"message":"\u001b[90m> \u001b[39m       connection: 'keep-alive',\r"}}
[info] >        'access-control-allow-credentials': 'true', {"user":"      'access-control-allow-credentials': 'true',\r","metadata":{"emulator":{"name":"functions"},"function":{"name":"us-central1-api"},"extension":{},"message":"\u001b[90m> \u001b[39m       'access-control-allow-credentials': 'true',\r"}}
[info] >        'access-control-allow-methods': 'GET, POST, HEAD, OPTIONS, DELETE', {"user":"      'access-control-allow-methods': 'GET, POST, HEAD, OPTIONS, DELETE',\r","metadata":{"emulator":{"name":"functions"},"function":{"name":"us-central1-api"},"extension":{},"message":"\u001b[90m> \u001b[39m       'access-control-allow-methods': 'GET, POST, HEAD, OPTIONS, DELETE',\r"}}
[info] >        'access-control-allow-origin': '*', {"user":"      'access-control-allow-origin': '*',\r","metadata":{"emulator":{"name":"functions"},"function":{"name":"us-central1-api"},"extension":{},"message":"\u001b[90m> \u001b[39m       'access-control-allow-origin': '*',\r"}}
[info] >        'access-control-expose-headers': 'Request-Id, Stripe-Manage-Version, X-Stripe-External-Auth-Required, X-Stripe-Privileged-Session-Required', {"user":"      'access-control-expose-headers': 'Request-Id, Stripe-Manage-Version, X-Stripe-External-Auth-Required, X-Stripe-Privileged-Session-Required',\r","metadata":{"emulator":{"name":"functions"},"function":{"name":"us-central1-api"},"extension":{},"message":"\u001b[90m> \u001b[39m       'access-control-expose-headers': 'Request-Id, Stripe-Manage-Version, X-Stripe-External-Auth-Required, X-Stripe-Privileged-Session-Required',\r"}}
[info] >        'access-control-max-age': '300', {"user":"      'access-control-max-age': '300',\r","metadata":{"emulator":{"name":"functions"},"function":{"name":"us-central1-api"},"extension":{},"message":"\u001b[90m> \u001b[39m       'access-control-max-age': '300',\r"}}
[info] >        'cache-control': 'no-cache, no-store', {"user":"      'cache-control': 'no-cache, no-store',\r","metadata":{"emulator":{"name":"functions"},"function":{"name":"us-central1-api"},"extension":{},"message":"\u001b[90m> \u001b[39m       'cache-control': 'no-cache, no-store',\r"}}
[info] >        'idempotency-key': '658654be-4923-4809-abd6-a9a7b9e6a7d8', {"user":"      'idempotency-key': '658654be-4923-4809-abd6-a9a7b9e6a7d8',\r","metadata":{"emulator":{"name":"functions"},"function":{"name":"us-central1-api"},"extension":{},"message":"\u001b[90m> \u001b[39m       'idempotency-key': '658654be-4923-4809-abd6-a9a7b9e6a7d8',\r"}}
[info] >        'original-request': 'req_ICmXUg2HniEOqT', {"user":"      'original-request': 'req_ICmXUg2HniEOqT',\r","metadata":{"emulator":{"name":"functions"},"function":{"name":"us-central1-api"},"extension":{},"message":"\u001b[90m> \u001b[39m       'original-request': 'req_ICmXUg2HniEOqT',\r"}}
[info] >        'request-id': 'req_ICmXUg2HniEOqT', {"user":"      'request-id': 'req_ICmXUg2HniEOqT',\r","metadata":{"emulator":{"name":"functions"},"function":{"name":"us-central1-api"},"extension":{},"message":"\u001b[90m> \u001b[39m       'request-id': 'req_ICmXUg2HniEOqT',\r"}}
[info] >        'stripe-version': '2020-08-27', {"user":"      'stripe-version': '2020-08-27',\r","metadata":{"emulator":{"name":"functions"},"function":{"name":"us-central1-api"},"extension":{},"message":"\u001b[90m> \u001b[39m       'stripe-version': '2020-08-27',\r"}}
[info] >        'strict-transport-security': 'max-age=31556926; includeSubDomains; preload' {"user":"      'strict-transport-security': 'max-age=31556926; includeSubDomains; preload'\r","metadata":{"emulator":{"name":"functions"},"function":{"name":"us-central1-api"},"extension":{},"message":"\u001b[90m> \u001b[39m       'strict-transport-security': 'max-age=31556926; includeSubDomains; preload'\r"}}
[info] >      }, {"user":"    },\r","metadata":{"emulator":{"name":"functions"},"function":{"name":"us-central1-api"},"extension":{},"message":"\u001b[90m> \u001b[39m     },\r"}}
[info] >      statusCode: 400, {"user":"    statusCode: 400,\r","metadata":{"emulator":{"name":"functions"},"function":{"name":"us-central1-api"},"extension":{},"message":"\u001b[90m> \u001b[39m     statusCode: 400,\r"}}
[info] >      requestId: 'req_ICmXUg2HniEOqT' {"user":"    requestId: 'req_ICmXUg2HniEOqT'\r","metadata":{"emulator":{"name":"functions"},"function":{"name":"us-central1-api"},"extension":{},"message":"\u001b[90m> \u001b[39m     requestId: 'req_ICmXUg2HniEOqT'\r"}}
[info] >    }, {"user":"  },\r","metadata":{"emulator":{"name":"functions"},"function":{"name":"us-central1-api"},"extension":{},"message":"\u001b[90m> \u001b[39m   },\r"}}
[info] >    rawType: 'invalid_request_error', {"user":"  rawType: 'invalid_request_error',\r","metadata":{"emulator":{"name":"functions"},"function":{"name":"us-central1-api"},"extension":{},"message":"\u001b[90m> \u001b[39m   rawType: 'invalid_request_error',\r"}}
[info] >    code: 'parameter_invalid_integer', {"user":"  code: 'parameter_invalid_integer',\r","metadata":{"emulator":{"name":"functions"},"function":{"name":"us-central1-api"},"extension":{},"message":"\u001b[90m> \u001b[39m   code: 'parameter_invalid_integer',\r"}}
[info] >    doc_url: 'https://stripe.com/docs/error-codes/parameter-invalid-integer', {"user":"  doc_url: 'https://stripe.com/docs/error-codes/parameter-invalid-integer',\r","metadata":{"emulator":{"name":"functions"},"function":{"name":"us-central1-api"},"extension":{},"message":"\u001b[90m> \u001b[39m   doc_url: 'https://stripe.com/docs/error-codes/parameter-invalid-integer',\r"}}
[info] >    param: 'amount', {"user":"  param: 'amount',\r","metadata":{"emulator":{"name":"functions"},"function":{"name":"us-central1-api"},"extension":{},"message":"\u001b[90m> \u001b[39m   param: 'amount',\r"}}
[info] >    detail: undefined, {"user":"  detail: undefined,\r","metadata":{"emulator":{"name":"functions"},"function":{"name":"us-central1-api"},"extension":{},"message":"\u001b[90m> \u001b[39m   detail: undefined,\r"}}
[info] >    headers: { {"user":"  headers: {\r","metadata":{"emulator":{"name":"functions"},"function":{"name":"us-central1-api"},"extension":{},"message":"\u001b[90m> \u001b[39m   headers: {\r"}}
[info] >      server: 'nginx', {"user":"    server: 'nginx',\r","metadata":{"emulator":{"name":"functions"},"function":{"name":"us-central1-api"},"extension":{},"message":"\u001b[90m> \u001b[39m     server: 'nginx',\r"}}
[info] >      date: 'Fri, 18 Mar 2022 18:59:47 GMT', {"user":"    date: 'Fri, 18 Mar 2022 18:59:47 GMT',\r","metadata":{"emulator":{"name":"functions"},"function":{"name":"us-central1-api"},"extension":{},"message":"\u001b[90m> \u001b[39m     date: 'Fri, 18 Mar 2022 18:59:47 GMT',\r"}}
[info] >      'content-type': 'application/json', {"user":"    'content-type': 'application/json',\r","metadata":{"emulator":{"name":"functions"},"function":{"name":"us-central1-api"},"extension":{},"message":"\u001b[90m> \u001b[39m     'content-type': 'application/json',\r"}}
[info] >      'content-length': '266', {"user":"    'content-length': '266',\r","metadata":{"emulator":{"name":"functions"},"function":{"name":"us-central1-api"},"extension":{},"message":"\u001b[90m> \u001b[39m     'content-length': '266',\r"}}
[info] >      connection: 'keep-alive', {"user":"    connection: 'keep-alive',\r","metadata":{"emulator":{"name":"functions"},"function":{"name":"us-central1-api"},"extension":{},"message":"\u001b[90m> \u001b[39m     connection: 'keep-alive',\r"}}
[info] >      'access-control-allow-credentials': 'true', {"user":"    'access-control-allow-credentials': 'true',\r","metadata":{"emulator":{"name":"functions"},"function":{"name":"us-central1-api"},"extension":{},"message":"\u001b[90m> \u001b[39m     'access-control-allow-credentials': 'true',\r"}}
[info] >      'access-control-allow-methods': 'GET, POST, HEAD, OPTIONS, DELETE', {"user":"    'access-control-allow-methods': 'GET, POST, HEAD, OPTIONS, DELETE',\r","metadata":{"emulator":{"name":"functions"},"function":{"name":"us-central1-api"},"extension":{},"message":"\u001b[90m> \u001b[39m     'access-control-allow-methods': 'GET, POST, HEAD, OPTIONS, DELETE',\r"}}
[info] >      'access-control-allow-origin': '*', {"user":"    'access-control-allow-origin': '*',\r","metadata":{"emulator":{"name":"functions"},"function":{"name":"us-central1-api"},"extension":{},"message":"\u001b[90m> \u001b[39m     'access-control-allow-origin': '*',\r"}}
[info] >      'access-control-expose-headers': 'Request-Id, Stripe-Manage-Version, X-Stripe-External-Auth-Required, X-Stripe-Privileged-Session-Required', {"user":"    'access-control-expose-headers': 'Request-Id, Stripe-Manage-Version, X-Stripe-External-Auth-Required, X-Stripe-Privileged-Session-Required',\r","metadata":{"emulator":{"name":"functions"},"function":{"name":"us-central1-api"},"extension":{},"message":"\u001b[90m> \u001b[39m     'access-control-expose-headers': 'Request-Id, Stripe-Manage-Version, X-Stripe-External-Auth-Required, X-Stripe-Privileged-Session-Required',\r"}}
[info] >      'access-control-max-age': '300', {"user":"    'access-control-max-age': '300',\r","metadata":{"emulator":{"name":"functions"},"function":{"name":"us-central1-api"},"extension":{},"message":"\u001b[90m> \u001b[39m     'access-control-max-age': '300',\r"}}
[info] >      'cache-control': 'no-cache, no-store', {"user":"    'cache-control': 'no-cache, no-store',\r","metadata":{"emulator":{"name":"functions"},"function":{"name":"us-central1-api"},"extension":{},"message":"\u001b[90m> \u001b[39m     'cache-control': 'no-cache, no-store',\r"}}
[info] >      'idempotency-key': '658654be-4923-4809-abd6-a9a7b9e6a7d8', {"user":"    'idempotency-key': '658654be-4923-4809-abd6-a9a7b9e6a7d8',\r","metadata":{"emulator":{"name":"functions"},"function":{"name":"us-central1-api"},"extension":{},"message":"\u001b[90m> \u001b[39m     'idempotency-key': '658654be-4923-4809-abd6-a9a7b9e6a7d8',\r"}}
[info] >      'original-request': 'req_ICmXUg2HniEOqT', {"user":"    'original-request': 'req_ICmXUg2HniEOqT',\r","metadata":{"emulator":{"name":"functions"},"function":{"name":"us-central1-api"},"extension":{},"message":"\u001b[90m> \u001b[39m     'original-request': 'req_ICmXUg2HniEOqT',\r"}}
[info] >      'request-id': 'req_ICmXUg2HniEOqT', {"user":"    'request-id': 'req_ICmXUg2HniEOqT',\r","metadata":{"emulator":{"name":"functions"},"function":{"name":"us-central1-api"},"extension":{},"message":"\u001b[90m> \u001b[39m     'request-id': 'req_ICmXUg2HniEOqT',\r"}}
[info] >      'stripe-version': '2020-08-27', {"user":"    'stripe-version': '2020-08-27',\r","metadata":{"emulator":{"name":"functions"},"function":{"name":"us-central1-api"},"extension":{},"message":"\u001b[90m> \u001b[39m     'stripe-version': '2020-08-27',\r"}}
[info] >      'strict-transport-security': 'max-age=31556926; includeSubDomains; preload' {"user":"    'strict-transport-security': 'max-age=31556926; includeSubDomains; preload'\r","metadata":{"emulator":{"name":"functions"},"function":{"name":"us-central1-api"},"extension":{},"message":"\u001b[90m> \u001b[39m     'strict-transport-security': 'max-age=31556926; includeSubDomains; preload'\r"}}
[info] >    }, {"user":"  },\r","metadata":{"emulator":{"name":"functions"},"function":{"name":"us-central1-api"},"extension":{},"message":"\u001b[90m> \u001b[39m   },\r"}}
[info] >    requestId: 'req_ICmXUg2HniEOqT', {"user":"  requestId: 'req_ICmXUg2HniEOqT',\r","metadata":{"emulator":{"name":"functions"},"function":{"name":"us-central1-api"},"extension":{},"message":"\u001b[90m> \u001b[39m   requestId: 'req_ICmXUg2HniEOqT',\r"}}
[info] >    statusCode: 400, {"user":"  statusCode: 400,\r","metadata":{"emulator":{"name":"functions"},"function":{"name":"us-central1-api"},"extension":{},"message":"\u001b[90m> \u001b[39m   statusCode: 400,\r"}}
[info] >    charge: undefined, {"user":"  charge: undefined,\r","metadata":{"emulator":{"name":"functions"},"function":{"name":"us-central1-api"},"extension":{},"message":"\u001b[90m> \u001b[39m   charge: undefined,\r"}}
[info] >    decline_code: undefined, {"user":"  decline_code: undefined,\r","metadata":{"emulator":{"name":"functions"},"function":{"name":"us-central1-api"},"extension":{},"message":"\u001b[90m> \u001b[39m   decline_code: undefined,\r"}}
[info] >    payment_intent: undefined, {"user":"  payment_intent: undefined,\r","metadata":{"emulator":{"name":"functions"},"function":{"name":"us-central1-api"},"extension":{},"message":"\u001b[90m> \u001b[39m   payment_intent: undefined,\r"}}
[info] >    payment_method: undefined, {"user":"  payment_method: undefined,\r","metadata":{"emulator":{"name":"functions"},"function":{"name":"us-central1-api"},"extension":{},"message":"\u001b[90m> \u001b[39m   payment_method: undefined,\r"}}
[info] >    payment_method_type: undefined, {"user":"  payment_method_type: undefined,\r","metadata":{"emulator":{"name":"functions"},"function":{"name":"us-central1-api"},"extension":{},"message":"\u001b[90m> \u001b[39m   payment_method_type: undefined,\r"}}
[info] >    setup_intent: undefined, {"user":"  setup_intent: undefined,\r","metadata":{"emulator":{"name":"functions"},"function":{"name":"us-central1-api"},"extension":{},"message":"\u001b[90m> \u001b[39m   setup_intent: undefined,\r"}}
[info] >    source: undefined {"user":"  source: undefined\r","metadata":{"emulator":{"name":"functions"},"function":{"name":"us-central1-api"},"extension":{},"message":"\u001b[90m> \u001b[39m   source: undefined\r"}}
[info] >  } {"user":"}\r","metadata":{"emulator":{"name":"functions"},"function":{"name":"us-central1-api"},"extension":{},"message":"\u001b[90m> \u001b[39m }\r"}}
[debug] [2022-03-18T18:59:47.352Z] [worker-us-central1-api-a68590f1-4098-4d4a-bf4a-dc11c3cb20d3]: exited {"metadata":{"emulator":{"name":"functions"},"message":"[worker-us-central1-api-a68590f1-4098-4d4a-bf4a-dc11c3cb20d3]: exited"}}
[debug] [2022-03-18T18:59:47.352Z] [worker-us-central1-api-a68590f1-4098-4d4a-bf4a-dc11c3cb20d3]: FINISHED {"metadata":{"emulator":{"name":"functions"},"message":"[worker-us-central1-api-a68590f1-4098-4d4a-bf4a-dc11c3cb20d3]: FINISHED"}}
[debug] [2022-03-18T18:59:47.352Z] [work-queue] {"queueLength":0,"workRunningCount":0}
[debug] [2022-03-18T18:59:56.380Z] [work-queue] {"queueLength":1,"workRunningCount":0}
[debug] [2022-03-18T18:59:56.380Z] [work-queue] {"queueLength":0,"workRunningCount":1}
[debug] [2022-03-18T18:59:56.380Z] Accepted request POST /webclone-b9eb0/us-central1/api/payments/create?total=189398 --> us-central1-api
[debug] [2022-03-18T18:59:56.380Z] [worker-pool] Cleaned up workers for us-central1-api: 2 --> 1 {"metadata":{"emulator":{"name":"functions"},"message":"[worker-pool] Cleaned up workers for us-central1-api: 2 --> 1"}}
[debug] [2022-03-18T18:59:56.380Z] [worker-pool] submitWork(triggerId=us-central1-api) {"metadata":{"emulator":{"name":"functions"},"message":"[worker-pool] submitWork(triggerId=us-central1-api)"}}
[debug] [2022-03-18T18:59:56.380Z] [worker-us-central1-api-bb14a65c-6044-4db8-b80e-cc037cbd56c7]: Assigning socketPath: \\?\pipe\C:\Users\Miska\Desktop\Amazon-Webclone\amazon\functions\24524 {"metadata":{"emulator":{"name":"functions"},"message":"[worker-us-central1-api-bb14a65c-6044-4db8-b80e-cc037cbd56c7]: Assigning socketPath: \\\\?\\pipe\\C:\\Users\\Miska\\Desktop\\Amazon-Webclone\\amazon\\functions\\24524"}}
[debug] [2022-03-18T18:59:56.380Z] [worker-us-central1-api-bb14a65c-6044-4db8-b80e-cc037cbd56c7]: BUSY {"metadata":{"emulator":{"name":"functions"},"message":"[worker-us-central1-api-bb14a65c-6044-4db8-b80e-cc037cbd56c7]: BUSY"}}
[debug] [2022-03-18T18:59:56.380Z] [runtime-status] [24524] Beginning invocation function api! {"metadata":{"emulator":{"name":"functions"},"function":{"name":"us-central1-api"},"extension":{},"message":"[runtime-status] [24524] Beginning invocation function api!"}}
[info] i  functions: Beginning execution of "api" {"metadata":{"emulator":{"name":"functions"},"function":{"name":"us-central1-api"},"extension":{},"message":"Beginning execution of \"api\""}}
[debug] [2022-03-18T18:59:56.381Z] [runtime-status] [24524] Running api in signature http {"metadata":{"emulator":{"name":"functions"},"function":{"name":"us-central1-api"},"extension":{},"message":"[runtime-status] [24524] Running api in signature http"}}
[debug] [2022-03-18T18:59:56.382Z] [runtime-status] [24524] Attempting to listen to socketPath: \\?\pipe\C:\Users\Miska\Desktop\Amazon-Webclone\amazon\functions\24524 {"metadata":{"emulator":{"name":"functions"},"function":{"name":"us-central1-api"},"extension":{},"message":"[runtime-status] [24524] Attempting to listen to socketPath: \\\\?\\pipe\\C:\\Users\\Miska\\Desktop\\Amazon-Webclone\\amazon\\functions\\24524"}}
[debug] [2022-03-18T18:59:56.383Z] [functions] Runtime ready! Sending request! {"metadata":{"emulator":{"name":"functions"},"message":"[functions] Runtime ready! Sending request!"}}
[debug] [2022-03-18T18:59:56.383Z] [functions] Got req.url=/webclone-b9eb0/us-central1/api/payments/create?total=189398, mapping to path=/payments/create?total=189398 {"metadata":{"emulator":{"name":"functions"},"message":"[functions] Got req.url=/webclone-b9eb0/us-central1/api/payments/create?total=189398, mapping to path=/payments/create?total=189398"}}
[debug] [2022-03-18T18:59:56.386Z] [runtime-status] [24524] Ephemeral server handling POST request {"metadata":{"emulator":{"name":"functions"},"function":{"name":"us-central1-api"},"extension":{},"message":"[runtime-status] [24524] Ephemeral server handling POST request"}}
[info] >  Payment Request Recieved ! for this amount >>>  189398 {"user":"Payment Request Recieved ! for this amount >>>  189398","metadata":{"emulator":{"name":"functions"},"function":{"name":"us-central1-api"},"extension":{},"message":"\u001b[90m> \u001b[39m Payment Request Recieved ! for this amount >>>  189398"}}
[debug] [2022-03-18T18:59:56.397Z] [runtime-status] [24524] Ephemeral server survived. {"metadata":{"emulator":{"name":"functions"},"function":{"name":"us-central1-api"},"extension":{},"message":"[runtime-status] [24524] Ephemeral server survived."}}
[info] i  functions: Finished "api" in ~1s {"metadata":{"emulator":{"name":"functions"},"function":{"name":"us-central1-api"},"extension":{},"message":"Finished \"api\" in ~1s"}}
[debug] [2022-03-18T18:59:56.926Z] [worker-us-central1-api-bb14a65c-6044-4db8-b80e-cc037cbd56c7]: IDLE {"metadata":{"emulator":{"name":"functions"},"message":"[worker-us-central1-api-bb14a65c-6044-4db8-b80e-cc037cbd56c7]: IDLE"}}
[debug] [2022-03-18T18:59:56.927Z] [work-queue] {"queueLength":0,"workRunningCount":0}
[debug] [2022-03-18T19:12:24.744Z] [work-queue] {"queueLength":1,"workRunningCount":0}
[debug] [2022-03-18T19:12:24.745Z] [work-queue] {"queueLength":0,"workRunningCount":1}
[debug] [2022-03-18T19:12:24.745Z] Accepted request POST /webclone-b9eb0/us-central1/api/payments/create?total=154997 --> us-central1-api
[debug] [2022-03-18T19:12:24.745Z] [worker-pool] submitWork(triggerId=us-central1-api) {"metadata":{"emulator":{"name":"functions"},"message":"[worker-pool] submitWork(triggerId=us-central1-api)"}}
[debug] [2022-03-18T19:12:24.745Z] [worker-us-central1-api-bb14a65c-6044-4db8-b80e-cc037cbd56c7]: Assigning socketPath: \\?\pipe\C:\Users\Miska\Desktop\Amazon-Webclone\amazon\functions\24524 {"metadata":{"emulator":{"name":"functions"},"message":"[worker-us-central1-api-bb14a65c-6044-4db8-b80e-cc037cbd56c7]: Assigning socketPath: \\\\?\\pipe\\C:\\Users\\Miska\\Desktop\\Amazon-Webclone\\amazon\\functions\\24524"}}
[debug] [2022-03-18T19:12:24.745Z] [worker-us-central1-api-bb14a65c-6044-4db8-b80e-cc037cbd56c7]: BUSY {"metadata":{"emulator":{"name":"functions"},"message":"[worker-us-central1-api-bb14a65c-6044-4db8-b80e-cc037cbd56c7]: BUSY"}}
[debug] [2022-03-18T19:12:24.745Z] [runtime-status] [24524] Beginning invocation function api! {"metadata":{"emulator":{"name":"functions"},"function":{"name":"us-central1-api"},"extension":{},"message":"[runtime-status] [24524] Beginning invocation function api!"}}
[info] i  functions: Beginning execution of "api" {"metadata":{"emulator":{"name":"functions"},"function":{"name":"us-central1-api"},"extension":{},"message":"Beginning execution of \"api\""}}
[debug] [2022-03-18T19:12:24.746Z] [runtime-status] [24524] Running api in signature http {"metadata":{"emulator":{"name":"functions"},"function":{"name":"us-central1-api"},"extension":{},"message":"[runtime-status] [24524] Running api in signature http"}}
[debug] [2022-03-18T19:12:24.747Z] [runtime-status] [24524] Attempting to listen to socketPath: \\?\pipe\C:\Users\Miska\Desktop\Amazon-Webclone\amazon\functions\24524 {"metadata":{"emulator":{"name":"functions"},"function":{"name":"us-central1-api"},"extension":{},"message":"[runtime-status] [24524] Attempting to listen to socketPath: \\\\?\\pipe\\C:\\Users\\Miska\\Desktop\\Amazon-Webclone\\amazon\\functions\\24524"}}
[debug] [2022-03-18T19:12:24.748Z] [functions] Runtime ready! Sending request! {"metadata":{"emulator":{"name":"functions"},"message":"[functions] Runtime ready! Sending request!"}}
[debug] [2022-03-18T19:12:24.748Z] [functions] Got req.url=/webclone-b9eb0/us-central1/api/payments/create?total=154997, mapping to path=/payments/create?total=154997 {"metadata":{"emulator":{"name":"functions"},"message":"[functions] Got req.url=/webclone-b9eb0/us-central1/api/payments/create?total=154997, mapping to path=/payments/create?total=154997"}}
[debug] [2022-03-18T19:12:24.749Z] [runtime-status] [24524] Ephemeral server handling POST request {"metadata":{"emulator":{"name":"functions"},"function":{"name":"us-central1-api"},"extension":{},"message":"[runtime-status] [24524] Ephemeral server handling POST request"}}
[info] >  Payment Request Recieved ! for this amount >>>  154997 {"user":"Payment Request Recieved ! for this amount >>>  154997","metadata":{"emulator":{"name":"functions"},"function":{"name":"us-central1-api"},"extension":{},"message":"\u001b[90m> \u001b[39m Payment Request Recieved ! for this amount >>>  154997"}}
[debug] [2022-03-18T19:12:24.751Z] [runtime-status] [24524] Ephemeral server survived. {"metadata":{"emulator":{"name":"functions"},"function":{"name":"us-central1-api"},"extension":{},"message":"[runtime-status] [24524] Ephemeral server survived."}}
[info] i  functions: Finished "api" in ~1s {"metadata":{"emulator":{"name":"functions"},"function":{"name":"us-central1-api"},"extension":{},"message":"Finished \"api\" in ~1s"}}
[debug] [2022-03-18T19:12:25.281Z] [worker-us-central1-api-bb14a65c-6044-4db8-b80e-cc037cbd56c7]: IDLE {"metadata":{"emulator":{"name":"functions"},"message":"[worker-us-central1-api-bb14a65c-6044-4db8-b80e-cc037cbd56c7]: IDLE"}}
[debug] [2022-03-18T19:12:25.281Z] [work-queue] {"queueLength":0,"workRunningCount":0}
[debug] [2022-03-18T19:12:27.840Z] [work-queue] {"queueLength":1,"workRunningCount":0}
[debug] [2022-03-18T19:12:27.841Z] [work-queue] {"queueLength":0,"workRunningCount":1}
[debug] [2022-03-18T19:12:27.841Z] Accepted request POST /webclone-b9eb0/us-central1/api/payments/create?total=148998 --> us-central1-api
[debug] [2022-03-18T19:12:27.841Z] [worker-pool] submitWork(triggerId=us-central1-api) {"metadata":{"emulator":{"name":"functions"},"message":"[worker-pool] submitWork(triggerId=us-central1-api)"}}
[debug] [2022-03-18T19:12:27.841Z] [worker-us-central1-api-bb14a65c-6044-4db8-b80e-cc037cbd56c7]: Assigning socketPath: \\?\pipe\C:\Users\Miska\Desktop\Amazon-Webclone\amazon\functions\24524 {"metadata":{"emulator":{"name":"functions"},"message":"[worker-us-central1-api-bb14a65c-6044-4db8-b80e-cc037cbd56c7]: Assigning socketPath: \\\\?\\pipe\\C:\\Users\\Miska\\Desktop\\Amazon-Webclone\\amazon\\functions\\24524"}}
[debug] [2022-03-18T19:12:27.841Z] [worker-us-central1-api-bb14a65c-6044-4db8-b80e-cc037cbd56c7]: BUSY {"metadata":{"emulator":{"name":"functions"},"message":"[worker-us-central1-api-bb14a65c-6044-4db8-b80e-cc037cbd56c7]: BUSY"}}
[debug] [2022-03-18T19:12:27.841Z] [runtime-status] [24524] Beginning invocation function api! {"metadata":{"emulator":{"name":"functions"},"function":{"name":"us-central1-api"},"extension":{},"message":"[runtime-status] [24524] Beginning invocation function api!"}}
[info] i  functions: Beginning execution of "api" {"metadata":{"emulator":{"name":"functions"},"function":{"name":"us-central1-api"},"extension":{},"message":"Beginning execution of \"api\""}}
[debug] [2022-03-18T19:12:27.842Z] [runtime-status] [24524] Running api in signature http {"metadata":{"emulator":{"name":"functions"},"function":{"name":"us-central1-api"},"extension":{},"message":"[runtime-status] [24524] Running api in signature http"}}
[debug] [2022-03-18T19:12:27.842Z] [runtime-status] [24524] Attempting to listen to socketPath: \\?\pipe\C:\Users\Miska\Desktop\Amazon-Webclone\amazon\functions\24524 {"metadata":{"emulator":{"name":"functions"},"function":{"name":"us-central1-api"},"extension":{},"message":"[runtime-status] [24524] Attempting to listen to socketPath: \\\\?\\pipe\\C:\\Users\\Miska\\Desktop\\Amazon-Webclone\\amazon\\functions\\24524"}}
[debug] [2022-03-18T19:12:27.844Z] [functions] Runtime ready! Sending request! {"metadata":{"emulator":{"name":"functions"},"message":"[functions] Runtime ready! Sending request!"}}
[debug] [2022-03-18T19:12:27.844Z] [functions] Got req.url=/webclone-b9eb0/us-central1/api/payments/create?total=148998, mapping to path=/payments/create?total=148998 {"metadata":{"emulator":{"name":"functions"},"message":"[functions] Got req.url=/webclone-b9eb0/us-central1/api/payments/create?total=148998, mapping to path=/payments/create?total=148998"}}
[debug] [2022-03-18T19:12:27.845Z] [runtime-status] [24524] Ephemeral server handling POST request {"metadata":{"emulator":{"name":"functions"},"function":{"name":"us-central1-api"},"extension":{},"message":"[runtime-status] [24524] Ephemeral server handling POST request"}}
[info] >  Payment Request Recieved ! for this amount >>>  148998 {"user":"Payment Request Recieved ! for this amount >>>  148998","metadata":{"emulator":{"name":"functions"},"function":{"name":"us-central1-api"},"extension":{},"message":"\u001b[90m> \u001b[39m Payment Request Recieved ! for this amount >>>  148998"}}
[debug] [2022-03-18T19:12:27.847Z] [runtime-status] [24524] Ephemeral server survived. {"metadata":{"emulator":{"name":"functions"},"function":{"name":"us-central1-api"},"extension":{},"message":"[runtime-status] [24524] Ephemeral server survived."}}
[info] i  functions: Finished "api" in ~1s {"metadata":{"emulator":{"name":"functions"},"function":{"name":"us-central1-api"},"extension":{},"message":"Finished \"api\" in ~1s"}}
[debug] [2022-03-18T19:12:28.219Z] [worker-us-central1-api-bb14a65c-6044-4db8-b80e-cc037cbd56c7]: IDLE {"metadata":{"emulator":{"name":"functions"},"message":"[worker-us-central1-api-bb14a65c-6044-4db8-b80e-cc037cbd56c7]: IDLE"}}
[debug] [2022-03-18T19:12:28.219Z] [work-queue] {"queueLength":0,"workRunningCount":0}
[debug] [2022-03-18T19:12:32.291Z] [work-queue] {"queueLength":1,"workRunningCount":0}
[debug] [2022-03-18T19:12:32.292Z] [work-queue] {"queueLength":0,"workRunningCount":1}
[debug] [2022-03-18T19:12:32.292Z] Accepted request POST /webclone-b9eb0/us-central1/api/payments/create?total=3999 --> us-central1-api
[debug] [2022-03-18T19:12:32.292Z] [worker-pool] submitWork(triggerId=us-central1-api) {"metadata":{"emulator":{"name":"functions"},"message":"[worker-pool] submitWork(triggerId=us-central1-api)"}}
[debug] [2022-03-18T19:12:32.292Z] [worker-us-central1-api-bb14a65c-6044-4db8-b80e-cc037cbd56c7]: Assigning socketPath: \\?\pipe\C:\Users\Miska\Desktop\Amazon-Webclone\amazon\functions\24524 {"metadata":{"emulator":{"name":"functions"},"message":"[worker-us-central1-api-bb14a65c-6044-4db8-b80e-cc037cbd56c7]: Assigning socketPath: \\\\?\\pipe\\C:\\Users\\Miska\\Desktop\\Amazon-Webclone\\amazon\\functions\\24524"}}
[debug] [2022-03-18T19:12:32.292Z] [worker-us-central1-api-bb14a65c-6044-4db8-b80e-cc037cbd56c7]: BUSY {"metadata":{"emulator":{"name":"functions"},"message":"[worker-us-central1-api-bb14a65c-6044-4db8-b80e-cc037cbd56c7]: BUSY"}}
[debug] [2022-03-18T19:12:32.293Z] [runtime-status] [24524] Beginning invocation function api! {"metadata":{"emulator":{"name":"functions"},"function":{"name":"us-central1-api"},"extension":{},"message":"[runtime-status] [24524] Beginning invocation function api!"}}
[info] i  functions: Beginning execution of "api" {"metadata":{"emulator":{"name":"functions"},"function":{"name":"us-central1-api"},"extension":{},"message":"Beginning execution of \"api\""}}
[debug] [2022-03-18T19:12:32.296Z] [runtime-status] [24524] Running api in signature http {"metadata":{"emulator":{"name":"functions"},"function":{"name":"us-central1-api"},"extension":{},"message":"[runtime-status] [24524] Running api in signature http"}}
[debug] [2022-03-18T19:12:32.296Z] [runtime-status] [24524] Attempting to listen to socketPath: \\?\pipe\C:\Users\Miska\Desktop\Amazon-Webclone\amazon\functions\24524 {"metadata":{"emulator":{"name":"functions"},"function":{"name":"us-central1-api"},"extension":{},"message":"[runtime-status] [24524] Attempting to listen to socketPath: \\\\?\\pipe\\C:\\Users\\Miska\\Desktop\\Amazon-Webclone\\amazon\\functions\\24524"}}
[debug] [2022-03-18T19:12:32.298Z] [functions] Runtime ready! Sending request! {"metadata":{"emulator":{"name":"functions"},"message":"[functions] Runtime ready! Sending request!"}}
[debug] [2022-03-18T19:12:32.298Z] [functions] Got req.url=/webclone-b9eb0/us-central1/api/payments/create?total=3999, mapping to path=/payments/create?total=3999 {"metadata":{"emulator":{"name":"functions"},"message":"[functions] Got req.url=/webclone-b9eb0/us-central1/api/payments/create?total=3999, mapping to path=/payments/create?total=3999"}}
[debug] [2022-03-18T19:12:32.299Z] [runtime-status] [24524] Ephemeral server handling POST request {"metadata":{"emulator":{"name":"functions"},"function":{"name":"us-central1-api"},"extension":{},"message":"[runtime-status] [24524] Ephemeral server handling POST request"}}
[info] >  Payment Request Recieved ! for this amount >>>  3999 {"user":"Payment Request Recieved ! for this amount >>>  3999","metadata":{"emulator":{"name":"functions"},"function":{"name":"us-central1-api"},"extension":{},"message":"\u001b[90m> \u001b[39m Payment Request Recieved ! for this amount >>>  3999"}}
[debug] [2022-03-18T19:12:32.301Z] [runtime-status] [24524] Ephemeral server survived. {"metadata":{"emulator":{"name":"functions"},"function":{"name":"us-central1-api"},"extension":{},"message":"[runtime-status] [24524] Ephemeral server survived."}}
[info] i  functions: Finished "api" in ~1s {"metadata":{"emulator":{"name":"functions"},"function":{"name":"us-central1-api"},"extension":{},"message":"Finished \"api\" in ~1s"}}
[debug] [2022-03-18T19:12:32.676Z] [worker-us-central1-api-bb14a65c-6044-4db8-b80e-cc037cbd56c7]: IDLE {"metadata":{"emulator":{"name":"functions"},"message":"[worker-us-central1-api-bb14a65c-6044-4db8-b80e-cc037cbd56c7]: IDLE"}}
[debug] [2022-03-18T19:12:32.677Z] [work-queue] {"queueLength":0,"workRunningCount":0}
[debug] [2022-03-18T19:12:44.369Z] [work-queue] {"queueLength":1,"workRunningCount":0}
[debug] [2022-03-18T19:12:44.369Z] [work-queue] {"queueLength":0,"workRunningCount":1}
[debug] [2022-03-18T19:12:44.369Z] Accepted request POST /webclone-b9eb0/us-central1/api/payments/create?total=0 --> us-central1-api
[debug] [2022-03-18T19:12:44.369Z] [worker-pool] submitWork(triggerId=us-central1-api) {"metadata":{"emulator":{"name":"functions"},"message":"[worker-pool] submitWork(triggerId=us-central1-api)"}}
[debug] [2022-03-18T19:12:44.369Z] [worker-us-central1-api-bb14a65c-6044-4db8-b80e-cc037cbd56c7]: Assigning socketPath: \\?\pipe\C:\Users\Miska\Desktop\Amazon-Webclone\amazon\functions\24524 {"metadata":{"emulator":{"name":"functions"},"message":"[worker-us-central1-api-bb14a65c-6044-4db8-b80e-cc037cbd56c7]: Assigning socketPath: \\\\?\\pipe\\C:\\Users\\Miska\\Desktop\\Amazon-Webclone\\amazon\\functions\\24524"}}
[debug] [2022-03-18T19:12:44.370Z] [worker-us-central1-api-bb14a65c-6044-4db8-b80e-cc037cbd56c7]: BUSY {"metadata":{"emulator":{"name":"functions"},"message":"[worker-us-central1-api-bb14a65c-6044-4db8-b80e-cc037cbd56c7]: BUSY"}}
[debug] [2022-03-18T19:12:44.370Z] [runtime-status] [24524] Beginning invocation function api! {"metadata":{"emulator":{"name":"functions"},"function":{"name":"us-central1-api"},"extension":{},"message":"[runtime-status] [24524] Beginning invocation function api!"}}
[info] i  functions: Beginning execution of "api" {"metadata":{"emulator":{"name":"functions"},"function":{"name":"us-central1-api"},"extension":{},"message":"Beginning execution of \"api\""}}
[debug] [2022-03-18T19:12:44.371Z] [runtime-status] [24524] Running api in signature http {"metadata":{"emulator":{"name":"functions"},"function":{"name":"us-central1-api"},"extension":{},"message":"[runtime-status] [24524] Running api in signature http"}}
[debug] [2022-03-18T19:12:44.371Z] [runtime-status] [24524] Attempting to listen to socketPath: \\?\pipe\C:\Users\Miska\Desktop\Amazon-Webclone\amazon\functions\24524 {"metadata":{"emulator":{"name":"functions"},"function":{"name":"us-central1-api"},"extension":{},"message":"[runtime-status] [24524] Attempting to listen to socketPath: \\\\?\\pipe\\C:\\Users\\Miska\\Desktop\\Amazon-Webclone\\amazon\\functions\\24524"}}
[debug] [2022-03-18T19:12:44.373Z] [functions] Runtime ready! Sending request! {"metadata":{"emulator":{"name":"functions"},"message":"[functions] Runtime ready! Sending request!"}}
[debug] [2022-03-18T19:12:44.373Z] [functions] Got req.url=/webclone-b9eb0/us-central1/api/payments/create?total=0, mapping to path=/payments/create?total=0 {"metadata":{"emulator":{"name":"functions"},"message":"[functions] Got req.url=/webclone-b9eb0/us-central1/api/payments/create?total=0, mapping to path=/payments/create?total=0"}}
[debug] [2022-03-18T19:12:44.375Z] [runtime-status] [24524] Ephemeral server handling POST request {"metadata":{"emulator":{"name":"functions"},"function":{"name":"us-central1-api"},"extension":{},"message":"[runtime-status] [24524] Ephemeral server handling POST request"}}
[info] >  Payment Request Recieved ! for this amount >>>  0 {"user":"Payment Request Recieved ! for this amount >>>  0","metadata":{"emulator":{"name":"functions"},"function":{"name":"us-central1-api"},"extension":{},"message":"\u001b[90m> \u001b[39m Payment Request Recieved ! for this amount >>>  0"}}
[debug] [2022-03-18T19:12:44.375Z] [runtime-status] [24524] Ephemeral server survived. {"metadata":{"emulator":{"name":"functions"},"function":{"name":"us-central1-api"},"extension":{},"message":"[runtime-status] [24524] Ephemeral server survived."}}
[info] >  C:\Users\Miska\Desktop\Amazon-Webclone\amazon\functions\node_modules\stripe\lib\Error.js:40 {"user":"C:\\Users\\Miska\\Desktop\\Amazon-Webclone\\amazon\\functions\\node_modules\\stripe\\lib\\Error.js:40\r","metadata":{"emulator":{"name":"functions"},"function":{"name":"us-central1-api"},"extension":{},"message":"\u001b[90m> \u001b[39m C:\\Users\\Miska\\Desktop\\Amazon-Webclone\\amazon\\functions\\node_modules\\stripe\\lib\\Error.js:40\r"}}
[info] >          return new StripeInvalidRequestError(rawStripeError); {"user":"        return new StripeInvalidRequestError(rawStripeError);\r","metadata":{"emulator":{"name":"functions"},"function":{"name":"us-central1-api"},"extension":{},"message":"\u001b[90m> \u001b[39m         return new StripeInvalidRequestError(rawStripeError);\r"}}
[info] >                 ^ {"user":"               ^\r","metadata":{"emulator":{"name":"functions"},"function":{"name":"us-central1-api"},"extension":{},"message":"\u001b[90m> \u001b[39m                ^\r"}}
[info] >   {"user":"\r","metadata":{"emulator":{"name":"functions"},"function":{"name":"us-central1-api"},"extension":{},"message":"\u001b[90m> \u001b[39m \r"}}
[info] >  StripeInvalidRequestError: This value must be greater than or equal to 1. {"user":"StripeInvalidRequestError: This value must be greater than or equal to 1.\r","metadata":{"emulator":{"name":"functions"},"function":{"name":"us-central1-api"},"extension":{},"message":"\u001b[90m> \u001b[39m StripeInvalidRequestError: This value must be greater than or equal to 1.\r"}}
[info] >      at Function.generate (C:\Users\Miska\Desktop\Amazon-Webclone\amazon\functions\node_modules\stripe\lib\Error.js:40:16) {"user":"    at Function.generate (C:\\Users\\Miska\\Desktop\\Amazon-Webclone\\amazon\\functions\\node_modules\\stripe\\lib\\Error.js:40:16)\r","metadata":{"emulator":{"name":"functions"},"function":{"name":"us-central1-api"},"extension":{},"message":"\u001b[90m> \u001b[39m     at Function.generate (C:\\Users\\Miska\\Desktop\\Amazon-Webclone\\amazon\\functions\\node_modules\\stripe\\lib\\Error.js:40:16)\r"}}
[info] >      at res.toJSON.then.StripeAPIError.message (C:\Users\Miska\Desktop\Amazon-Webclone\amazon\functions\node_modules\stripe\lib\StripeResource.js:220:35) {"user":"    at res.toJSON.then.StripeAPIError.message (C:\\Users\\Miska\\Desktop\\Amazon-Webclone\\amazon\\functions\\node_modules\\stripe\\lib\\StripeResource.js:220:35)\r","metadata":{"emulator":{"name":"functions"},"function":{"name":"us-central1-api"},"extension":{},"message":"\u001b[90m> \u001b[39m     at res.toJSON.then.StripeAPIError.message (C:\\Users\\Miska\\Desktop\\Amazon-Webclone\\amazon\\functions\\node_modules\\stripe\\lib\\StripeResource.js:220:35)\r"}}
[info] >      at processTicksAndRejections (node:internal/process/task_queues:96:5) { {"user":"    at processTicksAndRejections (node:internal/process/task_queues:96:5) {\r","metadata":{"emulator":{"name":"functions"},"function":{"name":"us-central1-api"},"extension":{},"message":"\u001b[90m> \u001b[39m     at processTicksAndRejections (node:internal/process/task_queues:96:5) {\r"}}
[info] >    type: 'StripeInvalidRequestError', {"user":"  type: 'StripeInvalidRequestError',\r","metadata":{"emulator":{"name":"functions"},"function":{"name":"us-central1-api"},"extension":{},"message":"\u001b[90m> \u001b[39m   type: 'StripeInvalidRequestError',\r"}}
[info] >    raw: { {"user":"  raw: {\r","metadata":{"emulator":{"name":"functions"},"function":{"name":"us-central1-api"},"extension":{},"message":"\u001b[90m> \u001b[39m   raw: {\r"}}
[info] >      code: 'parameter_invalid_integer', {"user":"    code: 'parameter_invalid_integer',\r","metadata":{"emulator":{"name":"functions"},"function":{"name":"us-central1-api"},"extension":{},"message":"\u001b[90m> \u001b[39m     code: 'parameter_invalid_integer',\r"}}
[info] >      doc_url: 'https://stripe.com/docs/error-codes/parameter-invalid-integer', {"user":"    doc_url: 'https://stripe.com/docs/error-codes/parameter-invalid-integer',\r","metadata":{"emulator":{"name":"functions"},"function":{"name":"us-central1-api"},"extension":{},"message":"\u001b[90m> \u001b[39m     doc_url: 'https://stripe.com/docs/error-codes/parameter-invalid-integer',\r"}}
[info] >      message: 'This value must be greater than or equal to 1.', {"user":"    message: 'This value must be greater than or equal to 1.',\r","metadata":{"emulator":{"name":"functions"},"function":{"name":"us-central1-api"},"extension":{},"message":"\u001b[90m> \u001b[39m     message: 'This value must be greater than or equal to 1.',\r"}}
[info] >      param: 'amount', {"user":"    param: 'amount',\r","metadata":{"emulator":{"name":"functions"},"function":{"name":"us-central1-api"},"extension":{},"message":"\u001b[90m> \u001b[39m     param: 'amount',\r"}}
[info] >      type: 'invalid_request_error', {"user":"    type: 'invalid_request_error',\r","metadata":{"emulator":{"name":"functions"},"function":{"name":"us-central1-api"},"extension":{},"message":"\u001b[90m> \u001b[39m     type: 'invalid_request_error',\r"}}
[info] >      headers: { {"user":"    headers: {\r","metadata":{"emulator":{"name":"functions"},"function":{"name":"us-central1-api"},"extension":{},"message":"\u001b[90m> \u001b[39m     headers: {\r"}}
[info] >        server: 'nginx', {"user":"      server: 'nginx',\r","metadata":{"emulator":{"name":"functions"},"function":{"name":"us-central1-api"},"extension":{},"message":"\u001b[90m> \u001b[39m       server: 'nginx',\r"}}
[info] >        date: 'Fri, 18 Mar 2022 19:12:44 GMT', {"user":"      date: 'Fri, 18 Mar 2022 19:12:44 GMT',\r","metadata":{"emulator":{"name":"functions"},"function":{"name":"us-central1-api"},"extension":{},"message":"\u001b[90m> \u001b[39m       date: 'Fri, 18 Mar 2022 19:12:44 GMT',\r"}}
[info] >        'content-type': 'application/json', {"user":"      'content-type': 'application/json',\r","metadata":{"emulator":{"name":"functions"},"function":{"name":"us-central1-api"},"extension":{},"message":"\u001b[90m> \u001b[39m       'content-type': 'application/json',\r"}}
[info] >        'content-length': '266', {"user":"      'content-length': '266',\r","metadata":{"emulator":{"name":"functions"},"function":{"name":"us-central1-api"},"extension":{},"message":"\u001b[90m> \u001b[39m       'content-length': '266',\r"}}
[info] >        connection: 'keep-alive', {"user":"      connection: 'keep-alive',\r","metadata":{"emulator":{"name":"functions"},"function":{"name":"us-central1-api"},"extension":{},"message":"\u001b[90m> \u001b[39m       connection: 'keep-alive',\r"}}
[info] >        'access-control-allow-credentials': 'true', {"user":"      'access-control-allow-credentials': 'true',\r","metadata":{"emulator":{"name":"functions"},"function":{"name":"us-central1-api"},"extension":{},"message":"\u001b[90m> \u001b[39m       'access-control-allow-credentials': 'true',\r"}}
[info] >        'access-control-allow-methods': 'GET, POST, HEAD, OPTIONS, DELETE', {"user":"      'access-control-allow-methods': 'GET, POST, HEAD, OPTIONS, DELETE',\r","metadata":{"emulator":{"name":"functions"},"function":{"name":"us-central1-api"},"extension":{},"message":"\u001b[90m> \u001b[39m       'access-control-allow-methods': 'GET, POST, HEAD, OPTIONS, DELETE',\r"}}
[info] >        'access-control-allow-origin': '*', {"user":"      'access-control-allow-origin': '*',\r","metadata":{"emulator":{"name":"functions"},"function":{"name":"us-central1-api"},"extension":{},"message":"\u001b[90m> \u001b[39m       'access-control-allow-origin': '*',\r"}}
[info] >        'access-control-expose-headers': 'Request-Id, Stripe-Manage-Version, X-Stripe-External-Auth-Required, X-Stripe-Privileged-Session-Required', {"user":"      'access-control-expose-headers': 'Request-Id, Stripe-Manage-Version, X-Stripe-External-Auth-Required, X-Stripe-Privileged-Session-Required',\r","metadata":{"emulator":{"name":"functions"},"function":{"name":"us-central1-api"},"extension":{},"message":"\u001b[90m> \u001b[39m       'access-control-expose-headers': 'Request-Id, Stripe-Manage-Version, X-Stripe-External-Auth-Required, X-Stripe-Privileged-Session-Required',\r"}}
[info] >        'access-control-max-age': '300', {"user":"      'access-control-max-age': '300',\r","metadata":{"emulator":{"name":"functions"},"function":{"name":"us-central1-api"},"extension":{},"message":"\u001b[90m> \u001b[39m       'access-control-max-age': '300',\r"}}
[info] >        'cache-control': 'no-cache, no-store', {"user":"      'cache-control': 'no-cache, no-store',\r","metadata":{"emulator":{"name":"functions"},"function":{"name":"us-central1-api"},"extension":{},"message":"\u001b[90m> \u001b[39m       'cache-control': 'no-cache, no-store',\r"}}
[info] >        'idempotency-key': '406f6b27-23ae-4d57-a65e-e57ef572b255', {"user":"      'idempotency-key': '406f6b27-23ae-4d57-a65e-e57ef572b255',\r","metadata":{"emulator":{"name":"functions"},"function":{"name":"us-central1-api"},"extension":{},"message":"\u001b[90m> \u001b[39m       'idempotency-key': '406f6b27-23ae-4d57-a65e-e57ef572b255',\r"}}
[info] >        'original-request': 'req_xDFZolqnEKTdvs', {"user":"      'original-request': 'req_xDFZolqnEKTdvs',\r","metadata":{"emulator":{"name":"functions"},"function":{"name":"us-central1-api"},"extension":{},"message":"\u001b[90m> \u001b[39m       'original-request': 'req_xDFZolqnEKTdvs',\r"}}
[info] >        'request-id': 'req_xDFZolqnEKTdvs', {"user":"      'request-id': 'req_xDFZolqnEKTdvs',\r","metadata":{"emulator":{"name":"functions"},"function":{"name":"us-central1-api"},"extension":{},"message":"\u001b[90m> \u001b[39m       'request-id': 'req_xDFZolqnEKTdvs',\r"}}
[info] >        'stripe-version': '2020-08-27', {"user":"      'stripe-version': '2020-08-27',\r","metadata":{"emulator":{"name":"functions"},"function":{"name":"us-central1-api"},"extension":{},"message":"\u001b[90m> \u001b[39m       'stripe-version': '2020-08-27',\r"}}
[info] >        'strict-transport-security': 'max-age=31556926; includeSubDomains; preload' {"user":"      'strict-transport-security': 'max-age=31556926; includeSubDomains; preload'\r","metadata":{"emulator":{"name":"functions"},"function":{"name":"us-central1-api"},"extension":{},"message":"\u001b[90m> \u001b[39m       'strict-transport-security': 'max-age=31556926; includeSubDomains; preload'\r"}}
[info] >      }, {"user":"    },\r","metadata":{"emulator":{"name":"functions"},"function":{"name":"us-central1-api"},"extension":{},"message":"\u001b[90m> \u001b[39m     },\r"}}
[info] >      statusCode: 400, {"user":"    statusCode: 400,\r","metadata":{"emulator":{"name":"functions"},"function":{"name":"us-central1-api"},"extension":{},"message":"\u001b[90m> \u001b[39m     statusCode: 400,\r"}}
[info] >      requestId: 'req_xDFZolqnEKTdvs' {"user":"    requestId: 'req_xDFZolqnEKTdvs'\r","metadata":{"emulator":{"name":"functions"},"function":{"name":"us-central1-api"},"extension":{},"message":"\u001b[90m> \u001b[39m     requestId: 'req_xDFZolqnEKTdvs'\r"}}
[info] >    }, {"user":"  },\r","metadata":{"emulator":{"name":"functions"},"function":{"name":"us-central1-api"},"extension":{},"message":"\u001b[90m> \u001b[39m   },\r"}}
[info] >    rawType: 'invalid_request_error', {"user":"  rawType: 'invalid_request_error',\r","metadata":{"emulator":{"name":"functions"},"function":{"name":"us-central1-api"},"extension":{},"message":"\u001b[90m> \u001b[39m   rawType: 'invalid_request_error',\r"}}
[info] >    code: 'parameter_invalid_integer', {"user":"  code: 'parameter_invalid_integer',\r","metadata":{"emulator":{"name":"functions"},"function":{"name":"us-central1-api"},"extension":{},"message":"\u001b[90m> \u001b[39m   code: 'parameter_invalid_integer',\r"}}
[info] >    doc_url: 'https://stripe.com/docs/error-codes/parameter-invalid-integer', {"user":"  doc_url: 'https://stripe.com/docs/error-codes/parameter-invalid-integer',\r","metadata":{"emulator":{"name":"functions"},"function":{"name":"us-central1-api"},"extension":{},"message":"\u001b[90m> \u001b[39m   doc_url: 'https://stripe.com/docs/error-codes/parameter-invalid-integer',\r"}}
[info] >    param: 'amount', {"user":"  param: 'amount',\r","metadata":{"emulator":{"name":"functions"},"function":{"name":"us-central1-api"},"extension":{},"message":"\u001b[90m> \u001b[39m   param: 'amount',\r"}}
[info] >    detail: undefined, {"user":"  detail: undefined,\r","metadata":{"emulator":{"name":"functions"},"function":{"name":"us-central1-api"},"extension":{},"message":"\u001b[90m> \u001b[39m   detail: undefined,\r"}}
[info] >    headers: { {"user":"  headers: {\r","metadata":{"emulator":{"name":"functions"},"function":{"name":"us-central1-api"},"extension":{},"message":"\u001b[90m> \u001b[39m   headers: {\r"}}
[info] >      server: 'nginx', {"user":"    server: 'nginx',\r","metadata":{"emulator":{"name":"functions"},"function":{"name":"us-central1-api"},"extension":{},"message":"\u001b[90m> \u001b[39m     server: 'nginx',\r"}}
[info] >      date: 'Fri, 18 Mar 2022 19:12:44 GMT', {"user":"    date: 'Fri, 18 Mar 2022 19:12:44 GMT',\r","metadata":{"emulator":{"name":"functions"},"function":{"name":"us-central1-api"},"extension":{},"message":"\u001b[90m> \u001b[39m     date: 'Fri, 18 Mar 2022 19:12:44 GMT',\r"}}
[info] >      'content-type': 'application/json', {"user":"    'content-type': 'application/json',\r","metadata":{"emulator":{"name":"functions"},"function":{"name":"us-central1-api"},"extension":{},"message":"\u001b[90m> \u001b[39m     'content-type': 'application/json',\r"}}
[info] >      'content-length': '266', {"user":"    'content-length': '266',\r","metadata":{"emulator":{"name":"functions"},"function":{"name":"us-central1-api"},"extension":{},"message":"\u001b[90m> \u001b[39m     'content-length': '266',\r"}}
[info] >      connection: 'keep-alive', {"user":"    connection: 'keep-alive',\r","metadata":{"emulator":{"name":"functions"},"function":{"name":"us-central1-api"},"extension":{},"message":"\u001b[90m> \u001b[39m     connection: 'keep-alive',\r"}}
[info] >      'access-control-allow-credentials': 'true', {"user":"    'access-control-allow-credentials': 'true',\r","metadata":{"emulator":{"name":"functions"},"function":{"name":"us-central1-api"},"extension":{},"message":"\u001b[90m> \u001b[39m     'access-control-allow-credentials': 'true',\r"}}
[info] >      'access-control-allow-methods': 'GET, POST, HEAD, OPTIONS, DELETE', {"user":"    'access-control-allow-methods': 'GET, POST, HEAD, OPTIONS, DELETE',\r","metadata":{"emulator":{"name":"functions"},"function":{"name":"us-central1-api"},"extension":{},"message":"\u001b[90m> \u001b[39m     'access-control-allow-methods': 'GET, POST, HEAD, OPTIONS, DELETE',\r"}}
[info] >      'access-control-allow-origin': '*', {"user":"    'access-control-allow-origin': '*',\r","metadata":{"emulator":{"name":"functions"},"function":{"name":"us-central1-api"},"extension":{},"message":"\u001b[90m> \u001b[39m     'access-control-allow-origin': '*',\r"}}
[info] >      'access-control-expose-headers': 'Request-Id, Stripe-Manage-Version, X-Stripe-External-Auth-Required, X-Stripe-Privileged-Session-Required', {"user":"    'access-control-expose-headers': 'Request-Id, Stripe-Manage-Version, X-Stripe-External-Auth-Required, X-Stripe-Privileged-Session-Required',\r","metadata":{"emulator":{"name":"functions"},"function":{"name":"us-central1-api"},"extension":{},"message":"\u001b[90m> \u001b[39m     'access-control-expose-headers': 'Request-Id, Stripe-Manage-Version, X-Stripe-External-Auth-Required, X-Stripe-Privileged-Session-Required',\r"}}
[info] >      'access-control-max-age': '300', {"user":"    'access-control-max-age': '300',\r","metadata":{"emulator":{"name":"functions"},"function":{"name":"us-central1-api"},"extension":{},"message":"\u001b[90m> \u001b[39m     'access-control-max-age': '300',\r"}}
[info] >      'cache-control': 'no-cache, no-store', {"user":"    'cache-control': 'no-cache, no-store',\r","metadata":{"emulator":{"name":"functions"},"function":{"name":"us-central1-api"},"extension":{},"message":"\u001b[90m> \u001b[39m     'cache-control': 'no-cache, no-store',\r"}}
[info] >      'idempotency-key': '406f6b27-23ae-4d57-a65e-e57ef572b255', {"user":"    'idempotency-key': '406f6b27-23ae-4d57-a65e-e57ef572b255',\r","metadata":{"emulator":{"name":"functions"},"function":{"name":"us-central1-api"},"extension":{},"message":"\u001b[90m> \u001b[39m     'idempotency-key': '406f6b27-23ae-4d57-a65e-e57ef572b255',\r"}}
[info] >      'original-request': 'req_xDFZolqnEKTdvs', {"user":"    'original-request': 'req_xDFZolqnEKTdvs',\r","metadata":{"emulator":{"name":"functions"},"function":{"name":"us-central1-api"},"extension":{},"message":"\u001b[90m> \u001b[39m     'original-request': 'req_xDFZolqnEKTdvs',\r"}}
[info] >      'request-id': 'req_xDFZolqnEKTdvs', {"user":"    'request-id': 'req_xDFZolqnEKTdvs',\r","metadata":{"emulator":{"name":"functions"},"function":{"name":"us-central1-api"},"extension":{},"message":"\u001b[90m> \u001b[39m     'request-id': 'req_xDFZolqnEKTdvs',\r"}}
[info] >      'stripe-version': '2020-08-27', {"user":"    'stripe-version': '2020-08-27',\r","metadata":{"emulator":{"name":"functions"},"function":{"name":"us-central1-api"},"extension":{},"message":"\u001b[90m> \u001b[39m     'stripe-version': '2020-08-27',\r"}}
[info] >      'strict-transport-security': 'max-age=31556926; includeSubDomains; preload' {"user":"    'strict-transport-security': 'max-age=31556926; includeSubDomains; preload'\r","metadata":{"emulator":{"name":"functions"},"function":{"name":"us-central1-api"},"extension":{},"message":"\u001b[90m> \u001b[39m     'strict-transport-security': 'max-age=31556926; includeSubDomains; preload'\r"}}
[info] >    }, {"user":"  },\r","metadata":{"emulator":{"name":"functions"},"function":{"name":"us-central1-api"},"extension":{},"message":"\u001b[90m> \u001b[39m   },\r"}}
[info] >    requestId: 'req_xDFZolqnEKTdvs', {"user":"  requestId: 'req_xDFZolqnEKTdvs',\r","metadata":{"emulator":{"name":"functions"},"function":{"name":"us-central1-api"},"extension":{},"message":"\u001b[90m> \u001b[39m   requestId: 'req_xDFZolqnEKTdvs',\r"}}
[info] >    statusCode: 400, {"user":"  statusCode: 400,\r","metadata":{"emulator":{"name":"functions"},"function":{"name":"us-central1-api"},"extension":{},"message":"\u001b[90m> \u001b[39m   statusCode: 400,\r"}}
[info] >    charge: undefined, {"user":"  charge: undefined,\r","metadata":{"emulator":{"name":"functions"},"function":{"name":"us-central1-api"},"extension":{},"message":"\u001b[90m> \u001b[39m   charge: undefined,\r"}}
[info] >    decline_code: undefined, {"user":"  decline_code: undefined,\r","metadata":{"emulator":{"name":"functions"},"function":{"name":"us-central1-api"},"extension":{},"message":"\u001b[90m> \u001b[39m   decline_code: undefined,\r"}}
[info] >    payment_intent: undefined, {"user":"  payment_intent: undefined,\r","metadata":{"emulator":{"name":"functions"},"function":{"name":"us-central1-api"},"extension":{},"message":"\u001b[90m> \u001b[39m   payment_intent: undefined,\r"}}
[info] >    payment_method: undefined, {"user":"  payment_method: undefined,\r","metadata":{"emulator":{"name":"functions"},"function":{"name":"us-central1-api"},"extension":{},"message":"\u001b[90m> \u001b[39m   payment_method: undefined,\r"}}
[info] >    payment_method_type: undefined, {"user":"  payment_method_type: undefined,\r","metadata":{"emulator":{"name":"functions"},"function":{"name":"us-central1-api"},"extension":{},"message":"\u001b[90m> \u001b[39m   payment_method_type: undefined,\r"}}
[info] >    setup_intent: undefined, {"user":"  setup_intent: undefined,\r","metadata":{"emulator":{"name":"functions"},"function":{"name":"us-central1-api"},"extension":{},"message":"\u001b[90m> \u001b[39m   setup_intent: undefined,\r"}}
[info] >    source: undefined {"user":"  source: undefined\r","metadata":{"emulator":{"name":"functions"},"function":{"name":"us-central1-api"},"extension":{},"message":"\u001b[90m> \u001b[39m   source: undefined\r"}}
[info] >  } {"user":"}\r","metadata":{"emulator":{"name":"functions"},"function":{"name":"us-central1-api"},"extension":{},"message":"\u001b[90m> \u001b[39m }\r"}}
[debug] [2022-03-18T19:12:44.672Z] [worker-us-central1-api-bb14a65c-6044-4db8-b80e-cc037cbd56c7]: exited {"metadata":{"emulator":{"name":"functions"},"message":"[worker-us-central1-api-bb14a65c-6044-4db8-b80e-cc037cbd56c7]: exited"}}
[debug] [2022-03-18T19:12:44.672Z] [worker-us-central1-api-bb14a65c-6044-4db8-b80e-cc037cbd56c7]: FINISHED {"metadata":{"emulator":{"name":"functions"},"message":"[worker-us-central1-api-bb14a65c-6044-4db8-b80e-cc037cbd56c7]: FINISHED"}}
[debug] [2022-03-18T19:12:44.672Z] [work-queue] {"queueLength":0,"workRunningCount":0}
[debug] [2022-03-18T19:33:49.359Z] Received signal SIGHUP 1
